<?xml version="1.0" encoding="UTF-8"?>
<testsuite xmlns:xsi="http://www.w3.org/2001/XMLSchema-instance" xsi:noNamespaceSchemaLocation="https://maven.apache.org/surefire/maven-surefire-plugin/xsd/surefire-test-report.xsd" name="lab.local_market_app.LocalmarketBackendApplicationTests" time="5.723" tests="1" errors="1" skipped="0" failures="0">
  <properties>
    <property name="awt.toolkit" value="sun.lwawt.macosx.LWCToolkit"/>
    <property name="java.specification.version" value="12"/>
    <property name="sun.jnu.encoding" value="UTF-8"/>
    <property name="java.class.path" value="/Users/cam/IdeaProjects/LAB_Local-Market-backend/target/test-classes:/Users/cam/IdeaProjects/LAB_Local-Market-backend/target/classes:/Users/cam/.m2/repository/org/springframework/boot/spring-boot-starter-data-jpa/2.1.7.RELEASE/spring-boot-starter-data-jpa-2.1.7.RELEASE.jar:/Users/cam/.m2/repository/org/springframework/boot/spring-boot-starter-aop/2.1.7.RELEASE/spring-boot-starter-aop-2.1.7.RELEASE.jar:/Users/cam/.m2/repository/org/aspectj/aspectjweaver/1.9.4/aspectjweaver-1.9.4.jar:/Users/cam/.m2/repository/org/springframework/boot/spring-boot-starter-jdbc/2.1.7.RELEASE/spring-boot-starter-jdbc-2.1.7.RELEASE.jar:/Users/cam/.m2/repository/com/zaxxer/HikariCP/3.2.0/HikariCP-3.2.0.jar:/Users/cam/.m2/repository/org/springframework/spring-jdbc/5.1.9.RELEASE/spring-jdbc-5.1.9.RELEASE.jar:/Users/cam/.m2/repository/javax/transaction/javax.transaction-api/1.3/javax.transaction-api-1.3.jar:/Users/cam/.m2/repository/javax/xml/bind/jaxb-api/2.3.1/jaxb-api-2.3.1.jar:/Users/cam/.m2/repository/javax/activation/javax.activation-api/1.2.0/javax.activation-api-1.2.0.jar:/Users/cam/.m2/repository/org/hibernate/hibernate-core/5.3.10.Final/hibernate-core-5.3.10.Final.jar:/Users/cam/.m2/repository/org/jboss/logging/jboss-logging/3.3.2.Final/jboss-logging-3.3.2.Final.jar:/Users/cam/.m2/repository/javax/persistence/javax.persistence-api/2.2/javax.persistence-api-2.2.jar:/Users/cam/.m2/repository/org/javassist/javassist/3.23.2-GA/javassist-3.23.2-GA.jar:/Users/cam/.m2/repository/net/bytebuddy/byte-buddy/1.9.16/byte-buddy-1.9.16.jar:/Users/cam/.m2/repository/antlr/antlr/2.7.7/antlr-2.7.7.jar:/Users/cam/.m2/repository/org/jboss/jandex/2.0.5.Final/jandex-2.0.5.Final.jar:/Users/cam/.m2/repository/com/fasterxml/classmate/1.4.0/classmate-1.4.0.jar:/Users/cam/.m2/repository/org/dom4j/dom4j/2.1.1/dom4j-2.1.1.jar:/Users/cam/.m2/repository/org/hibernate/common/hibernate-commons-annotations/5.0.4.Final/hibernate-commons-annotations-5.0.4.Final.jar:/Users/cam/.m2/repository/org/springframework/data/spring-data-jpa/2.1.10.RELEASE/spring-data-jpa-2.1.10.RELEASE.jar:/Users/cam/.m2/repository/org/springframework/data/spring-data-commons/2.1.10.RELEASE/spring-data-commons-2.1.10.RELEASE.jar:/Users/cam/.m2/repository/org/springframework/spring-orm/5.1.9.RELEASE/spring-orm-5.1.9.RELEASE.jar:/Users/cam/.m2/repository/org/springframework/spring-context/5.1.9.RELEASE/spring-context-5.1.9.RELEASE.jar:/Users/cam/.m2/repository/org/springframework/spring-tx/5.1.9.RELEASE/spring-tx-5.1.9.RELEASE.jar:/Users/cam/.m2/repository/org/springframework/spring-beans/5.1.9.RELEASE/spring-beans-5.1.9.RELEASE.jar:/Users/cam/.m2/repository/org/slf4j/slf4j-api/1.7.26/slf4j-api-1.7.26.jar:/Users/cam/.m2/repository/org/springframework/spring-aspects/5.1.9.RELEASE/spring-aspects-5.1.9.RELEASE.jar:/Users/cam/.m2/repository/org/springframework/boot/spring-boot-starter-web/2.1.7.RELEASE/spring-boot-starter-web-2.1.7.RELEASE.jar:/Users/cam/.m2/repository/org/springframework/boot/spring-boot-starter/2.1.7.RELEASE/spring-boot-starter-2.1.7.RELEASE.jar:/Users/cam/.m2/repository/org/springframework/boot/spring-boot/2.1.7.RELEASE/spring-boot-2.1.7.RELEASE.jar:/Users/cam/.m2/repository/org/springframework/boot/spring-boot-autoconfigure/2.1.7.RELEASE/spring-boot-autoconfigure-2.1.7.RELEASE.jar:/Users/cam/.m2/repository/org/springframework/boot/spring-boot-starter-logging/2.1.7.RELEASE/spring-boot-starter-logging-2.1.7.RELEASE.jar:/Users/cam/.m2/repository/ch/qos/logback/logback-classic/1.2.3/logback-classic-1.2.3.jar:/Users/cam/.m2/repository/ch/qos/logback/logback-core/1.2.3/logback-core-1.2.3.jar:/Users/cam/.m2/repository/org/apache/logging/log4j/log4j-to-slf4j/2.11.2/log4j-to-slf4j-2.11.2.jar:/Users/cam/.m2/repository/org/apache/logging/log4j/log4j-api/2.11.2/log4j-api-2.11.2.jar:/Users/cam/.m2/repository/org/slf4j/jul-to-slf4j/1.7.26/jul-to-slf4j-1.7.26.jar:/Users/cam/.m2/repository/javax/annotation/javax.annotation-api/1.3.2/javax.annotation-api-1.3.2.jar:/Users/cam/.m2/repository/org/yaml/snakeyaml/1.23/snakeyaml-1.23.jar:/Users/cam/.m2/repository/org/springframework/boot/spring-boot-starter-json/2.1.7.RELEASE/spring-boot-starter-json-2.1.7.RELEASE.jar:/Users/cam/.m2/repository/com/fasterxml/jackson/datatype/jackson-datatype-jdk8/2.9.9/jackson-datatype-jdk8-2.9.9.jar:/Users/cam/.m2/repository/com/fasterxml/jackson/datatype/jackson-datatype-jsr310/2.9.9/jackson-datatype-jsr310-2.9.9.jar:/Users/cam/.m2/repository/com/fasterxml/jackson/module/jackson-module-parameter-names/2.9.9/jackson-module-parameter-names-2.9.9.jar:/Users/cam/.m2/repository/org/springframework/boot/spring-boot-starter-tomcat/2.1.7.RELEASE/spring-boot-starter-tomcat-2.1.7.RELEASE.jar:/Users/cam/.m2/repository/org/apache/tomcat/embed/tomcat-embed-core/9.0.22/tomcat-embed-core-9.0.22.jar:/Users/cam/.m2/repository/org/apache/tomcat/embed/tomcat-embed-el/9.0.22/tomcat-embed-el-9.0.22.jar:/Users/cam/.m2/repository/org/apache/tomcat/embed/tomcat-embed-websocket/9.0.22/tomcat-embed-websocket-9.0.22.jar:/Users/cam/.m2/repository/org/hibernate/validator/hibernate-validator/6.0.17.Final/hibernate-validator-6.0.17.Final.jar:/Users/cam/.m2/repository/javax/validation/validation-api/2.0.1.Final/validation-api-2.0.1.Final.jar:/Users/cam/.m2/repository/org/springframework/spring-web/5.1.9.RELEASE/spring-web-5.1.9.RELEASE.jar:/Users/cam/.m2/repository/org/springframework/spring-webmvc/5.1.9.RELEASE/spring-webmvc-5.1.9.RELEASE.jar:/Users/cam/.m2/repository/org/springframework/spring-expression/5.1.9.RELEASE/spring-expression-5.1.9.RELEASE.jar:/Users/cam/.m2/repository/com/h2database/h2/1.4.199/h2-1.4.199.jar:/Users/cam/.m2/repository/org/projectlombok/lombok/1.18.8/lombok-1.18.8.jar:/Users/cam/.m2/repository/org/springframework/boot/spring-boot-starter-test/2.1.7.RELEASE/spring-boot-starter-test-2.1.7.RELEASE.jar:/Users/cam/.m2/repository/org/springframework/boot/spring-boot-test/2.1.7.RELEASE/spring-boot-test-2.1.7.RELEASE.jar:/Users/cam/.m2/repository/org/springframework/boot/spring-boot-test-autoconfigure/2.1.7.RELEASE/spring-boot-test-autoconfigure-2.1.7.RELEASE.jar:/Users/cam/.m2/repository/com/jayway/jsonpath/json-path/2.4.0/json-path-2.4.0.jar:/Users/cam/.m2/repository/net/minidev/json-smart/2.3/json-smart-2.3.jar:/Users/cam/.m2/repository/net/minidev/accessors-smart/1.2/accessors-smart-1.2.jar:/Users/cam/.m2/repository/org/ow2/asm/asm/5.0.4/asm-5.0.4.jar:/Users/cam/.m2/repository/junit/junit/4.12/junit-4.12.jar:/Users/cam/.m2/repository/org/assertj/assertj-core/3.11.1/assertj-core-3.11.1.jar:/Users/cam/.m2/repository/org/mockito/mockito-core/2.23.4/mockito-core-2.23.4.jar:/Users/cam/.m2/repository/net/bytebuddy/byte-buddy-agent/1.9.16/byte-buddy-agent-1.9.16.jar:/Users/cam/.m2/repository/org/objenesis/objenesis/2.6/objenesis-2.6.jar:/Users/cam/.m2/repository/org/hamcrest/hamcrest-core/1.3/hamcrest-core-1.3.jar:/Users/cam/.m2/repository/org/hamcrest/hamcrest-library/1.3/hamcrest-library-1.3.jar:/Users/cam/.m2/repository/org/skyscreamer/jsonassert/1.5.0/jsonassert-1.5.0.jar:/Users/cam/.m2/repository/com/vaadin/external/google/android-json/0.0.20131108.vaadin1/android-json-0.0.20131108.vaadin1.jar:/Users/cam/.m2/repository/org/springframework/spring-core/5.1.9.RELEASE/spring-core-5.1.9.RELEASE.jar:/Users/cam/.m2/repository/org/springframework/spring-jcl/5.1.9.RELEASE/spring-jcl-5.1.9.RELEASE.jar:/Users/cam/.m2/repository/org/springframework/spring-test/5.1.9.RELEASE/spring-test-5.1.9.RELEASE.jar:/Users/cam/.m2/repository/org/xmlunit/xmlunit-core/2.6.3/xmlunit-core-2.6.3.jar:/Users/cam/.m2/repository/org/springframework/boot/spring-boot-starter-security/2.1.7.RELEASE/spring-boot-starter-security-2.1.7.RELEASE.jar:/Users/cam/.m2/repository/org/springframework/spring-aop/5.1.9.RELEASE/spring-aop-5.1.9.RELEASE.jar:/Users/cam/.m2/repository/org/springframework/security/spring-security-config/5.1.6.RELEASE/spring-security-config-5.1.6.RELEASE.jar:/Users/cam/.m2/repository/org/springframework/security/spring-security-core/5.1.6.RELEASE/spring-security-core-5.1.6.RELEASE.jar:/Users/cam/.m2/repository/org/springframework/security/spring-security-web/5.1.6.RELEASE/spring-security-web-5.1.6.RELEASE.jar:/Users/cam/.m2/repository/io/jsonwebtoken/jjwt/0.9.1/jjwt-0.9.1.jar:/Users/cam/.m2/repository/com/fasterxml/jackson/core/jackson-databind/2.9.9/jackson-databind-2.9.9.jar:/Users/cam/.m2/repository/com/fasterxml/jackson/core/jackson-annotations/2.9.0/jackson-annotations-2.9.0.jar:/Users/cam/.m2/repository/com/fasterxml/jackson/core/jackson-core/2.9.9/jackson-core-2.9.9.jar:"/>
    <property name="java.vm.vendor" value="Oracle Corporation"/>
    <property name="sun.arch.data.model" value="64"/>
    <property name="java.vendor.url" value="https://java.oracle.com/"/>
    <property name="os.name" value="Mac OS X"/>
    <property name="java.vm.specification.version" value="12"/>
    <property name="sun.java.launcher" value="SUN_STANDARD"/>
    <property name="user.country" value="BE"/>
    <property name="sun.boot.library.path" value="/Library/Java/JavaVirtualMachines/jdk-12.0.1.jdk/Contents/Home/lib"/>
    <property name="sun.java.command" value="/Users/cam/IdeaProjects/LAB_Local-Market-backend/target/surefire/surefirebooter3422953200070292042.jar /Users/cam/IdeaProjects/LAB_Local-Market-backend/target/surefire 2019-09-18T16-50-09_277-jvmRun1 surefire15523595267165630956tmp surefire_013245049121053255863tmp"/>
    <property name="http.nonProxyHosts" value="local|*.local|169.254/16|*.169.254/16"/>
    <property name="jdk.debug" value="release"/>
    <property name="surefire.test.class.path" value="/Users/cam/IdeaProjects/LAB_Local-Market-backend/target/test-classes:/Users/cam/IdeaProjects/LAB_Local-Market-backend/target/classes:/Users/cam/.m2/repository/org/springframework/boot/spring-boot-starter-data-jpa/2.1.7.RELEASE/spring-boot-starter-data-jpa-2.1.7.RELEASE.jar:/Users/cam/.m2/repository/org/springframework/boot/spring-boot-starter-aop/2.1.7.RELEASE/spring-boot-starter-aop-2.1.7.RELEASE.jar:/Users/cam/.m2/repository/org/aspectj/aspectjweaver/1.9.4/aspectjweaver-1.9.4.jar:/Users/cam/.m2/repository/org/springframework/boot/spring-boot-starter-jdbc/2.1.7.RELEASE/spring-boot-starter-jdbc-2.1.7.RELEASE.jar:/Users/cam/.m2/repository/com/zaxxer/HikariCP/3.2.0/HikariCP-3.2.0.jar:/Users/cam/.m2/repository/org/springframework/spring-jdbc/5.1.9.RELEASE/spring-jdbc-5.1.9.RELEASE.jar:/Users/cam/.m2/repository/javax/transaction/javax.transaction-api/1.3/javax.transaction-api-1.3.jar:/Users/cam/.m2/repository/javax/xml/bind/jaxb-api/2.3.1/jaxb-api-2.3.1.jar:/Users/cam/.m2/repository/javax/activation/javax.activation-api/1.2.0/javax.activation-api-1.2.0.jar:/Users/cam/.m2/repository/org/hibernate/hibernate-core/5.3.10.Final/hibernate-core-5.3.10.Final.jar:/Users/cam/.m2/repository/org/jboss/logging/jboss-logging/3.3.2.Final/jboss-logging-3.3.2.Final.jar:/Users/cam/.m2/repository/javax/persistence/javax.persistence-api/2.2/javax.persistence-api-2.2.jar:/Users/cam/.m2/repository/org/javassist/javassist/3.23.2-GA/javassist-3.23.2-GA.jar:/Users/cam/.m2/repository/net/bytebuddy/byte-buddy/1.9.16/byte-buddy-1.9.16.jar:/Users/cam/.m2/repository/antlr/antlr/2.7.7/antlr-2.7.7.jar:/Users/cam/.m2/repository/org/jboss/jandex/2.0.5.Final/jandex-2.0.5.Final.jar:/Users/cam/.m2/repository/com/fasterxml/classmate/1.4.0/classmate-1.4.0.jar:/Users/cam/.m2/repository/org/dom4j/dom4j/2.1.1/dom4j-2.1.1.jar:/Users/cam/.m2/repository/org/hibernate/common/hibernate-commons-annotations/5.0.4.Final/hibernate-commons-annotations-5.0.4.Final.jar:/Users/cam/.m2/repository/org/springframework/data/spring-data-jpa/2.1.10.RELEASE/spring-data-jpa-2.1.10.RELEASE.jar:/Users/cam/.m2/repository/org/springframework/data/spring-data-commons/2.1.10.RELEASE/spring-data-commons-2.1.10.RELEASE.jar:/Users/cam/.m2/repository/org/springframework/spring-orm/5.1.9.RELEASE/spring-orm-5.1.9.RELEASE.jar:/Users/cam/.m2/repository/org/springframework/spring-context/5.1.9.RELEASE/spring-context-5.1.9.RELEASE.jar:/Users/cam/.m2/repository/org/springframework/spring-tx/5.1.9.RELEASE/spring-tx-5.1.9.RELEASE.jar:/Users/cam/.m2/repository/org/springframework/spring-beans/5.1.9.RELEASE/spring-beans-5.1.9.RELEASE.jar:/Users/cam/.m2/repository/org/slf4j/slf4j-api/1.7.26/slf4j-api-1.7.26.jar:/Users/cam/.m2/repository/org/springframework/spring-aspects/5.1.9.RELEASE/spring-aspects-5.1.9.RELEASE.jar:/Users/cam/.m2/repository/org/springframework/boot/spring-boot-starter-web/2.1.7.RELEASE/spring-boot-starter-web-2.1.7.RELEASE.jar:/Users/cam/.m2/repository/org/springframework/boot/spring-boot-starter/2.1.7.RELEASE/spring-boot-starter-2.1.7.RELEASE.jar:/Users/cam/.m2/repository/org/springframework/boot/spring-boot/2.1.7.RELEASE/spring-boot-2.1.7.RELEASE.jar:/Users/cam/.m2/repository/org/springframework/boot/spring-boot-autoconfigure/2.1.7.RELEASE/spring-boot-autoconfigure-2.1.7.RELEASE.jar:/Users/cam/.m2/repository/org/springframework/boot/spring-boot-starter-logging/2.1.7.RELEASE/spring-boot-starter-logging-2.1.7.RELEASE.jar:/Users/cam/.m2/repository/ch/qos/logback/logback-classic/1.2.3/logback-classic-1.2.3.jar:/Users/cam/.m2/repository/ch/qos/logback/logback-core/1.2.3/logback-core-1.2.3.jar:/Users/cam/.m2/repository/org/apache/logging/log4j/log4j-to-slf4j/2.11.2/log4j-to-slf4j-2.11.2.jar:/Users/cam/.m2/repository/org/apache/logging/log4j/log4j-api/2.11.2/log4j-api-2.11.2.jar:/Users/cam/.m2/repository/org/slf4j/jul-to-slf4j/1.7.26/jul-to-slf4j-1.7.26.jar:/Users/cam/.m2/repository/javax/annotation/javax.annotation-api/1.3.2/javax.annotation-api-1.3.2.jar:/Users/cam/.m2/repository/org/yaml/snakeyaml/1.23/snakeyaml-1.23.jar:/Users/cam/.m2/repository/org/springframework/boot/spring-boot-starter-json/2.1.7.RELEASE/spring-boot-starter-json-2.1.7.RELEASE.jar:/Users/cam/.m2/repository/com/fasterxml/jackson/datatype/jackson-datatype-jdk8/2.9.9/jackson-datatype-jdk8-2.9.9.jar:/Users/cam/.m2/repository/com/fasterxml/jackson/datatype/jackson-datatype-jsr310/2.9.9/jackson-datatype-jsr310-2.9.9.jar:/Users/cam/.m2/repository/com/fasterxml/jackson/module/jackson-module-parameter-names/2.9.9/jackson-module-parameter-names-2.9.9.jar:/Users/cam/.m2/repository/org/springframework/boot/spring-boot-starter-tomcat/2.1.7.RELEASE/spring-boot-starter-tomcat-2.1.7.RELEASE.jar:/Users/cam/.m2/repository/org/apache/tomcat/embed/tomcat-embed-core/9.0.22/tomcat-embed-core-9.0.22.jar:/Users/cam/.m2/repository/org/apache/tomcat/embed/tomcat-embed-el/9.0.22/tomcat-embed-el-9.0.22.jar:/Users/cam/.m2/repository/org/apache/tomcat/embed/tomcat-embed-websocket/9.0.22/tomcat-embed-websocket-9.0.22.jar:/Users/cam/.m2/repository/org/hibernate/validator/hibernate-validator/6.0.17.Final/hibernate-validator-6.0.17.Final.jar:/Users/cam/.m2/repository/javax/validation/validation-api/2.0.1.Final/validation-api-2.0.1.Final.jar:/Users/cam/.m2/repository/org/springframework/spring-web/5.1.9.RELEASE/spring-web-5.1.9.RELEASE.jar:/Users/cam/.m2/repository/org/springframework/spring-webmvc/5.1.9.RELEASE/spring-webmvc-5.1.9.RELEASE.jar:/Users/cam/.m2/repository/org/springframework/spring-expression/5.1.9.RELEASE/spring-expression-5.1.9.RELEASE.jar:/Users/cam/.m2/repository/com/h2database/h2/1.4.199/h2-1.4.199.jar:/Users/cam/.m2/repository/org/projectlombok/lombok/1.18.8/lombok-1.18.8.jar:/Users/cam/.m2/repository/org/springframework/boot/spring-boot-starter-test/2.1.7.RELEASE/spring-boot-starter-test-2.1.7.RELEASE.jar:/Users/cam/.m2/repository/org/springframework/boot/spring-boot-test/2.1.7.RELEASE/spring-boot-test-2.1.7.RELEASE.jar:/Users/cam/.m2/repository/org/springframework/boot/spring-boot-test-autoconfigure/2.1.7.RELEASE/spring-boot-test-autoconfigure-2.1.7.RELEASE.jar:/Users/cam/.m2/repository/com/jayway/jsonpath/json-path/2.4.0/json-path-2.4.0.jar:/Users/cam/.m2/repository/net/minidev/json-smart/2.3/json-smart-2.3.jar:/Users/cam/.m2/repository/net/minidev/accessors-smart/1.2/accessors-smart-1.2.jar:/Users/cam/.m2/repository/org/ow2/asm/asm/5.0.4/asm-5.0.4.jar:/Users/cam/.m2/repository/junit/junit/4.12/junit-4.12.jar:/Users/cam/.m2/repository/org/assertj/assertj-core/3.11.1/assertj-core-3.11.1.jar:/Users/cam/.m2/repository/org/mockito/mockito-core/2.23.4/mockito-core-2.23.4.jar:/Users/cam/.m2/repository/net/bytebuddy/byte-buddy-agent/1.9.16/byte-buddy-agent-1.9.16.jar:/Users/cam/.m2/repository/org/objenesis/objenesis/2.6/objenesis-2.6.jar:/Users/cam/.m2/repository/org/hamcrest/hamcrest-core/1.3/hamcrest-core-1.3.jar:/Users/cam/.m2/repository/org/hamcrest/hamcrest-library/1.3/hamcrest-library-1.3.jar:/Users/cam/.m2/repository/org/skyscreamer/jsonassert/1.5.0/jsonassert-1.5.0.jar:/Users/cam/.m2/repository/com/vaadin/external/google/android-json/0.0.20131108.vaadin1/android-json-0.0.20131108.vaadin1.jar:/Users/cam/.m2/repository/org/springframework/spring-core/5.1.9.RELEASE/spring-core-5.1.9.RELEASE.jar:/Users/cam/.m2/repository/org/springframework/spring-jcl/5.1.9.RELEASE/spring-jcl-5.1.9.RELEASE.jar:/Users/cam/.m2/repository/org/springframework/spring-test/5.1.9.RELEASE/spring-test-5.1.9.RELEASE.jar:/Users/cam/.m2/repository/org/xmlunit/xmlunit-core/2.6.3/xmlunit-core-2.6.3.jar:/Users/cam/.m2/repository/org/springframework/boot/spring-boot-starter-security/2.1.7.RELEASE/spring-boot-starter-security-2.1.7.RELEASE.jar:/Users/cam/.m2/repository/org/springframework/spring-aop/5.1.9.RELEASE/spring-aop-5.1.9.RELEASE.jar:/Users/cam/.m2/repository/org/springframework/security/spring-security-config/5.1.6.RELEASE/spring-security-config-5.1.6.RELEASE.jar:/Users/cam/.m2/repository/org/springframework/security/spring-security-core/5.1.6.RELEASE/spring-security-core-5.1.6.RELEASE.jar:/Users/cam/.m2/repository/org/springframework/security/spring-security-web/5.1.6.RELEASE/spring-security-web-5.1.6.RELEASE.jar:/Users/cam/.m2/repository/io/jsonwebtoken/jjwt/0.9.1/jjwt-0.9.1.jar:/Users/cam/.m2/repository/com/fasterxml/jackson/core/jackson-databind/2.9.9/jackson-databind-2.9.9.jar:/Users/cam/.m2/repository/com/fasterxml/jackson/core/jackson-annotations/2.9.0/jackson-annotations-2.9.0.jar:/Users/cam/.m2/repository/com/fasterxml/jackson/core/jackson-core/2.9.9/jackson-core-2.9.9.jar:"/>
    <property name="sun.cpu.endian" value="little"/>
    <property name="user.home" value="/Users/cam"/>
    <property name="user.language" value="fr"/>
    <property name="java.specification.vendor" value="Oracle Corporation"/>
    <property name="java.version.date" value="2019-04-16"/>
    <property name="java.home" value="/Library/Java/JavaVirtualMachines/jdk-12.0.1.jdk/Contents/Home"/>
    <property name="file.separator" value="/"/>
    <property name="basedir" value="/Users/cam/IdeaProjects/LAB_Local-Market-backend"/>
    <property name="java.vm.compressedOopsMode" value="Zero based"/>
    <property name="line.separator" value="&#10;"/>
    <property name="java.vm.specification.vendor" value="Oracle Corporation"/>
    <property name="java.specification.name" value="Java Platform API Specification"/>
    <property name="java.awt.graphicsenv" value="sun.awt.CGraphicsEnvironment"/>
    <property name="surefire.real.class.path" value="/Users/cam/IdeaProjects/LAB_Local-Market-backend/target/surefire/surefirebooter3422953200070292042.jar"/>
    <property name="sun.management.compiler" value="HotSpot 64-Bit Tiered Compilers"/>
    <property name="ftp.nonProxyHosts" value="local|*.local|169.254/16|*.169.254/16"/>
    <property name="java.runtime.version" value="12.0.1+12"/>
    <property name="user.name" value="cam"/>
    <property name="path.separator" value=":"/>
    <property name="os.version" value="10.14.6"/>
    <property name="java.runtime.name" value="Java(TM) SE Runtime Environment"/>
    <property name="file.encoding" value="UTF-8"/>
    <property name="java.vm.name" value="Java HotSpot(TM) 64-Bit Server VM"/>
    <property name="localRepository" value="/Users/cam/.m2/repository"/>
    <property name="java.vendor.url.bug" value="https://bugreport.java.com/bugreport/"/>
    <property name="java.io.tmpdir" value="/var/folders/xn/xcmhbmsn3_j5knxyyzq98s340000gn/T/"/>
    <property name="java.version" value="12.0.1"/>
    <property name="user.dir" value="/Users/cam/IdeaProjects/LAB_Local-Market-backend"/>
    <property name="os.arch" value="x86_64"/>
    <property name="java.vm.specification.name" value="Java Virtual Machine Specification"/>
    <property name="idea.version2019.2" value="true"/>
    <property name="java.library.path" value="/Users/cam/Library/Java/Extensions:/Library/Java/Extensions:/Network/Library/Java/Extensions:/System/Library/Java/Extensions:/usr/lib/java:."/>
    <property name="java.vm.info" value="mixed mode, sharing"/>
    <property name="java.vendor" value="Oracle Corporation"/>
    <property name="java.vm.version" value="12.0.1+12"/>
    <property name="sun.io.unicode.encoding" value="UnicodeBig"/>
    <property name="socksNonProxyHosts" value="local|*.local|169.254/16|*.169.254/16"/>
    <property name="java.class.version" value="56.0"/>
  </properties>
  <testcase name="contextLoads" classname="lab.local_market_app.LocalmarketBackendApplicationTests" time="0.008">
    <error message="Failed to load ApplicationContext" type="java.lang.IllegalStateException">java.lang.IllegalStateException: Failed to load ApplicationContext
Caused by: org.springframework.beans.factory.BeanCreationException: 
Error creating bean with name 'entityManagerFactory' defined in class path resource [org/springframework/boot/autoconfigure/orm/jpa/HibernateJpaConfiguration.class]: Initialization of bean failed; nested exception is org.springframework.jdbc.datasource.init.ScriptStatementFailedException: Failed to execute SQL script statement #1 of URL [file:/Users/cam/IdeaProjects/LAB_Local-Market-backend/target/classes/data.sql]: insert into Sellers(id, shop_name, lat, lng, url_photo) values (1, 'The Mug Store', 50.837670, 4.352490, 'https://source.unsplash.com/random/600x600/?shop') insert into Sellers(id, shop_name, lat, lng, url_photo) values (2, 'Cat Empire', 50.844614, 4.345716, 'https://source.unsplash.com/random/600x600/?stall',) insert into Sellers(id, shop_name, lat, lng, url_photo) values (3, 'Bubble blue', 50.828413, 4.373384, 'https://source.unsplash.com/random/600x600/?boutique') insert into Products(id, photo1, name, quantity, price, seller_id) values (1, 'https://source.unsplash.com/random/600x600/?mug', 'mug', 6, 12.99, 1) insert into Products(id, photo1, name, quantity, price, seller_id) values (2, 'https://source.unsplash.com/random/601x601/?mug', 'mug2', 2, 12.99, 2) insert into Products(id, photo1, name, quantity, price, seller_id) values (3, 'https://source.unsplash.com/random/602x602/?mug', 'mug3', 4, 12.99, 3) insert into Products(id, photo1, name, quantity, price, seller_id) values (4, 'https://source.unsplash.com/random/600x600/?cup', 'mug4', 6, 12.99, 1) insert into Products(id, photo1, name, quantity, price, seller_id) values (5,'https://source.unsplash.com/random/601x601/?cup', 'mug5', 6, 12.99, 2) INSERT INTO USER (ID, USERNAME, PASSWORD, FIRSTNAME, LASTNAME, EMAIL, ENABLED, LASTPASSWORDRESETDATE) VALUES (1, 'admin', '$2a$08$lDnHPz7eUkSi6ao14Twuau08mzhWrL4kyZGGU5xfiGALO/Vxd5DOi', 'admin', 'admin', 'admin@admin.com', 1, PARSEDATETIME('01-01-2019', 'dd-MM-yyyy')); nested exception is org.h2.jdbc.JdbcSQLSyntaxErrorException: Erreur de syntaxe dans l'instruction SQL "INSERT INTO SELLERS(ID, SHOP_NAME, LAT, LNG, URL_PHOTO) VALUES (1, 'The Mug Store', 50.837670, 4.352490, 'https://source.unsplash.com/random/600x600/?shop') INSERT[*] INTO SELLERS(ID, SHOP_NAME, LAT, LNG, URL_PHOTO) VALUES (2, 'Cat Empire', 50.844614, 4.345716, 'https://source.unsplash.com/random/600x600/?stall',) INSERT INTO SELLERS(ID, SHOP_NAME, LAT, LNG, URL_PHOTO) VALUES (3, 'Bubble blue', 50.828413, 4.373384, 'https://source.unsplash.com/random/600x600/?boutique') INSERT INTO PRODUCTS(ID, PHOTO1, NAME, QUANTITY, PRICE, SELLER_ID) VALUES (1, 'https://source.unsplash.com/random/600x600/?mug', 'mug', 6, 12.99, 1) INSERT INTO PRODUCTS(ID, PHOTO1, NAME, QUANTITY, PRICE, SELLER_ID) VALUES (2, 'https://source.unsplash.com/random/601x601/?mug', 'mug2', 2, 12.99, 2) INSERT INTO PRODUCTS(ID, PHOTO1, NAME, QUANTITY, PRICE, SELLER_ID) VALUES (3, 'https://source.unsplash.com/random/602x602/?mug', 'mug3', 4, 12.99, 3) INSERT INTO PRODUCTS(ID, PHOTO1, NAME, QUANTITY, PRICE, SELLER_ID) VALUES (4, 'https://source.unsplash.com/random/600x600/?cup', 'mug4', 6, 12.99, 1) INSERT INTO PRODUCTS(ID, PHOTO1, NAME, QUANTITY, PRICE, SELLER_ID) VALUES (5,'https://source.unsplash.com/random/601x601/?cup', 'mug5', 6, 12.99, 2) INSERT INTO USER (ID, USERNAME, PASSWORD, FIRSTNAME, LASTNAME, EMAIL, ENABLED, LASTPASSWORDRESETDATE) VALUES (1, 'admin', '$2a$08$lDnHPz7eUkSi6ao14Twuau08mzhWrL4kyZGGU5xfiGALO/Vxd5DOi', 'admin', 'admin', 'admin@admin.com', 1, PARSEDATETIME('01-01-2019', 'dd-MM-yyyy')) "
Syntax error in SQL statement "INSERT INTO SELLERS(ID, SHOP_NAME, LAT, LNG, URL_PHOTO) VALUES (1, 'The Mug Store', 50.837670, 4.352490, 'https://source.unsplash.com/random/600x600/?shop') INSERT[*] INTO SELLERS(ID, SHOP_NAME, LAT, LNG, URL_PHOTO) VALUES (2, 'Cat Empire', 50.844614, 4.345716, 'https://source.unsplash.com/random/600x600/?stall',) INSERT INTO SELLERS(ID, SHOP_NAME, LAT, LNG, URL_PHOTO) VALUES (3, 'Bubble blue', 50.828413, 4.373384, 'https://source.unsplash.com/random/600x600/?boutique') INSERT INTO PRODUCTS(ID, PHOTO1, NAME, QUANTITY, PRICE, SELLER_ID) VALUES (1, 'https://source.unsplash.com/random/600x600/?mug', 'mug', 6, 12.99, 1) INSERT INTO PRODUCTS(ID, PHOTO1, NAME, QUANTITY, PRICE, SELLER_ID) VALUES (2, 'https://source.unsplash.com/random/601x601/?mug', 'mug2', 2, 12.99, 2) INSERT INTO PRODUCTS(ID, PHOTO1, NAME, QUANTITY, PRICE, SELLER_ID) VALUES (3, 'https://source.unsplash.com/random/602x602/?mug', 'mug3', 4, 12.99, 3) INSERT INTO PRODUCTS(ID, PHOTO1, NAME, QUANTITY, PRICE, SELLER_ID) VALUES (4, 'https://source.unsplash.com/random/600x600/?cup', 'mug4', 6, 12.99, 1) INSERT INTO PRODUCTS(ID, PHOTO1, NAME, QUANTITY, PRICE, SELLER_ID) VALUES (5,'https://source.unsplash.com/random/601x601/?cup', 'mug5', 6, 12.99, 2) INSERT INTO USER (ID, USERNAME, PASSWORD, FIRSTNAME, LASTNAME, EMAIL, ENABLED, LASTPASSWORDRESETDATE) VALUES (1, 'admin', '$2a$08$lDnHPz7eUkSi6ao14Twuau08mzhWrL4kyZGGU5xfiGALO/Vxd5DOi', 'admin', 'admin', 'admin@admin.com', 1, PARSEDATETIME('01-01-2019', 'dd-MM-yyyy')) "; SQL statement:
insert into Sellers(id, shop_name, lat, lng, url_photo) values (1, 'The Mug Store', 50.837670, 4.352490, 'https://source.unsplash.com/random/600x600/?shop') insert into Sellers(id, shop_name, lat, lng, url_photo) values (2, 'Cat Empire', 50.844614, 4.345716, 'https://source.unsplash.com/random/600x600/?stall',) insert into Sellers(id, shop_name, lat, lng, url_photo) values (3, 'Bubble blue', 50.828413, 4.373384, 'https://source.unsplash.com/random/600x600/?boutique') insert into Products(id, photo1, name, quantity, price, seller_id) values (1, 'https://source.unsplash.com/random/600x600/?mug', 'mug', 6, 12.99, 1) insert into Products(id, photo1, name, quantity, price, seller_id) values (2, 'https://source.unsplash.com/random/601x601/?mug', 'mug2', 2, 12.99, 2) insert into Products(id, photo1, name, quantity, price, seller_id) values (3, 'https://source.unsplash.com/random/602x602/?mug', 'mug3', 4, 12.99, 3) insert into Products(id, photo1, name, quantity, price, seller_id) values (4, 'https://source.unsplash.com/random/600x600/?cup', 'mug4', 6, 12.99, 1) insert into Products(id, photo1, name, quantity, price, seller_id) values (5,'https://source.unsplash.com/random/601x601/?cup', 'mug5', 6, 12.99, 2) INSERT INTO USER (ID, USERNAME, PASSWORD, FIRSTNAME, LASTNAME, EMAIL, ENABLED, LASTPASSWORDRESETDATE) VALUES (1, 'admin', '$2a$08$lDnHPz7eUkSi6ao14Twuau08mzhWrL4kyZGGU5xfiGALO/Vxd5DOi', 'admin', 'admin', 'admin@admin.com', 1, PARSEDATETIME('01-01-2019', 'dd-MM-yyyy')) [42000-199]
Caused by: org.springframework.jdbc.datasource.init.ScriptStatementFailedException: 
Failed to execute SQL script statement #1 of URL [file:/Users/cam/IdeaProjects/LAB_Local-Market-backend/target/classes/data.sql]: insert into Sellers(id, shop_name, lat, lng, url_photo) values (1, 'The Mug Store', 50.837670, 4.352490, 'https://source.unsplash.com/random/600x600/?shop') insert into Sellers(id, shop_name, lat, lng, url_photo) values (2, 'Cat Empire', 50.844614, 4.345716, 'https://source.unsplash.com/random/600x600/?stall',) insert into Sellers(id, shop_name, lat, lng, url_photo) values (3, 'Bubble blue', 50.828413, 4.373384, 'https://source.unsplash.com/random/600x600/?boutique') insert into Products(id, photo1, name, quantity, price, seller_id) values (1, 'https://source.unsplash.com/random/600x600/?mug', 'mug', 6, 12.99, 1) insert into Products(id, photo1, name, quantity, price, seller_id) values (2, 'https://source.unsplash.com/random/601x601/?mug', 'mug2', 2, 12.99, 2) insert into Products(id, photo1, name, quantity, price, seller_id) values (3, 'https://source.unsplash.com/random/602x602/?mug', 'mug3', 4, 12.99, 3) insert into Products(id, photo1, name, quantity, price, seller_id) values (4, 'https://source.unsplash.com/random/600x600/?cup', 'mug4', 6, 12.99, 1) insert into Products(id, photo1, name, quantity, price, seller_id) values (5,'https://source.unsplash.com/random/601x601/?cup', 'mug5', 6, 12.99, 2) INSERT INTO USER (ID, USERNAME, PASSWORD, FIRSTNAME, LASTNAME, EMAIL, ENABLED, LASTPASSWORDRESETDATE) VALUES (1, 'admin', '$2a$08$lDnHPz7eUkSi6ao14Twuau08mzhWrL4kyZGGU5xfiGALO/Vxd5DOi', 'admin', 'admin', 'admin@admin.com', 1, PARSEDATETIME('01-01-2019', 'dd-MM-yyyy')); nested exception is org.h2.jdbc.JdbcSQLSyntaxErrorException: Erreur de syntaxe dans l'instruction SQL "INSERT INTO SELLERS(ID, SHOP_NAME, LAT, LNG, URL_PHOTO) VALUES (1, 'The Mug Store', 50.837670, 4.352490, 'https://source.unsplash.com/random/600x600/?shop') INSERT[*] INTO SELLERS(ID, SHOP_NAME, LAT, LNG, URL_PHOTO) VALUES (2, 'Cat Empire', 50.844614, 4.345716, 'https://source.unsplash.com/random/600x600/?stall',) INSERT INTO SELLERS(ID, SHOP_NAME, LAT, LNG, URL_PHOTO) VALUES (3, 'Bubble blue', 50.828413, 4.373384, 'https://source.unsplash.com/random/600x600/?boutique') INSERT INTO PRODUCTS(ID, PHOTO1, NAME, QUANTITY, PRICE, SELLER_ID) VALUES (1, 'https://source.unsplash.com/random/600x600/?mug', 'mug', 6, 12.99, 1) INSERT INTO PRODUCTS(ID, PHOTO1, NAME, QUANTITY, PRICE, SELLER_ID) VALUES (2, 'https://source.unsplash.com/random/601x601/?mug', 'mug2', 2, 12.99, 2) INSERT INTO PRODUCTS(ID, PHOTO1, NAME, QUANTITY, PRICE, SELLER_ID) VALUES (3, 'https://source.unsplash.com/random/602x602/?mug', 'mug3', 4, 12.99, 3) INSERT INTO PRODUCTS(ID, PHOTO1, NAME, QUANTITY, PRICE, SELLER_ID) VALUES (4, 'https://source.unsplash.com/random/600x600/?cup', 'mug4', 6, 12.99, 1) INSERT INTO PRODUCTS(ID, PHOTO1, NAME, QUANTITY, PRICE, SELLER_ID) VALUES (5,'https://source.unsplash.com/random/601x601/?cup', 'mug5', 6, 12.99, 2) INSERT INTO USER (ID, USERNAME, PASSWORD, FIRSTNAME, LASTNAME, EMAIL, ENABLED, LASTPASSWORDRESETDATE) VALUES (1, 'admin', '$2a$08$lDnHPz7eUkSi6ao14Twuau08mzhWrL4kyZGGU5xfiGALO/Vxd5DOi', 'admin', 'admin', 'admin@admin.com', 1, PARSEDATETIME('01-01-2019', 'dd-MM-yyyy')) "
Syntax error in SQL statement "INSERT INTO SELLERS(ID, SHOP_NAME, LAT, LNG, URL_PHOTO) VALUES (1, 'The Mug Store', 50.837670, 4.352490, 'https://source.unsplash.com/random/600x600/?shop') INSERT[*] INTO SELLERS(ID, SHOP_NAME, LAT, LNG, URL_PHOTO) VALUES (2, 'Cat Empire', 50.844614, 4.345716, 'https://source.unsplash.com/random/600x600/?stall',) INSERT INTO SELLERS(ID, SHOP_NAME, LAT, LNG, URL_PHOTO) VALUES (3, 'Bubble blue', 50.828413, 4.373384, 'https://source.unsplash.com/random/600x600/?boutique') INSERT INTO PRODUCTS(ID, PHOTO1, NAME, QUANTITY, PRICE, SELLER_ID) VALUES (1, 'https://source.unsplash.com/random/600x600/?mug', 'mug', 6, 12.99, 1) INSERT INTO PRODUCTS(ID, PHOTO1, NAME, QUANTITY, PRICE, SELLER_ID) VALUES (2, 'https://source.unsplash.com/random/601x601/?mug', 'mug2', 2, 12.99, 2) INSERT INTO PRODUCTS(ID, PHOTO1, NAME, QUANTITY, PRICE, SELLER_ID) VALUES (3, 'https://source.unsplash.com/random/602x602/?mug', 'mug3', 4, 12.99, 3) INSERT INTO PRODUCTS(ID, PHOTO1, NAME, QUANTITY, PRICE, SELLER_ID) VALUES (4, 'https://source.unsplash.com/random/600x600/?cup', 'mug4', 6, 12.99, 1) INSERT INTO PRODUCTS(ID, PHOTO1, NAME, QUANTITY, PRICE, SELLER_ID) VALUES (5,'https://source.unsplash.com/random/601x601/?cup', 'mug5', 6, 12.99, 2) INSERT INTO USER (ID, USERNAME, PASSWORD, FIRSTNAME, LASTNAME, EMAIL, ENABLED, LASTPASSWORDRESETDATE) VALUES (1, 'admin', '$2a$08$lDnHPz7eUkSi6ao14Twuau08mzhWrL4kyZGGU5xfiGALO/Vxd5DOi', 'admin', 'admin', 'admin@admin.com', 1, PARSEDATETIME('01-01-2019', 'dd-MM-yyyy')) "; SQL statement:
insert into Sellers(id, shop_name, lat, lng, url_photo) values (1, 'The Mug Store', 50.837670, 4.352490, 'https://source.unsplash.com/random/600x600/?shop') insert into Sellers(id, shop_name, lat, lng, url_photo) values (2, 'Cat Empire', 50.844614, 4.345716, 'https://source.unsplash.com/random/600x600/?stall',) insert into Sellers(id, shop_name, lat, lng, url_photo) values (3, 'Bubble blue', 50.828413, 4.373384, 'https://source.unsplash.com/random/600x600/?boutique') insert into Products(id, photo1, name, quantity, price, seller_id) values (1, 'https://source.unsplash.com/random/600x600/?mug', 'mug', 6, 12.99, 1) insert into Products(id, photo1, name, quantity, price, seller_id) values (2, 'https://source.unsplash.com/random/601x601/?mug', 'mug2', 2, 12.99, 2) insert into Products(id, photo1, name, quantity, price, seller_id) values (3, 'https://source.unsplash.com/random/602x602/?mug', 'mug3', 4, 12.99, 3) insert into Products(id, photo1, name, quantity, price, seller_id) values (4, 'https://source.unsplash.com/random/600x600/?cup', 'mug4', 6, 12.99, 1) insert into Products(id, photo1, name, quantity, price, seller_id) values (5,'https://source.unsplash.com/random/601x601/?cup', 'mug5', 6, 12.99, 2) INSERT INTO USER (ID, USERNAME, PASSWORD, FIRSTNAME, LASTNAME, EMAIL, ENABLED, LASTPASSWORDRESETDATE) VALUES (1, 'admin', '$2a$08$lDnHPz7eUkSi6ao14Twuau08mzhWrL4kyZGGU5xfiGALO/Vxd5DOi', 'admin', 'admin', 'admin@admin.com', 1, PARSEDATETIME('01-01-2019', 'dd-MM-yyyy')) [42000-199]
Caused by: org.h2.jdbc.JdbcSQLSyntaxErrorException: 
Erreur de syntaxe dans l'instruction SQL "INSERT INTO SELLERS(ID, SHOP_NAME, LAT, LNG, URL_PHOTO) VALUES (1, 'The Mug Store', 50.837670, 4.352490, 'https://source.unsplash.com/random/600x600/?shop') INSERT[*] INTO SELLERS(ID, SHOP_NAME, LAT, LNG, URL_PHOTO) VALUES (2, 'Cat Empire', 50.844614, 4.345716, 'https://source.unsplash.com/random/600x600/?stall',) INSERT INTO SELLERS(ID, SHOP_NAME, LAT, LNG, URL_PHOTO) VALUES (3, 'Bubble blue', 50.828413, 4.373384, 'https://source.unsplash.com/random/600x600/?boutique') INSERT INTO PRODUCTS(ID, PHOTO1, NAME, QUANTITY, PRICE, SELLER_ID) VALUES (1, 'https://source.unsplash.com/random/600x600/?mug', 'mug', 6, 12.99, 1) INSERT INTO PRODUCTS(ID, PHOTO1, NAME, QUANTITY, PRICE, SELLER_ID) VALUES (2, 'https://source.unsplash.com/random/601x601/?mug', 'mug2', 2, 12.99, 2) INSERT INTO PRODUCTS(ID, PHOTO1, NAME, QUANTITY, PRICE, SELLER_ID) VALUES (3, 'https://source.unsplash.com/random/602x602/?mug', 'mug3', 4, 12.99, 3) INSERT INTO PRODUCTS(ID, PHOTO1, NAME, QUANTITY, PRICE, SELLER_ID) VALUES (4, 'https://source.unsplash.com/random/600x600/?cup', 'mug4', 6, 12.99, 1) INSERT INTO PRODUCTS(ID, PHOTO1, NAME, QUANTITY, PRICE, SELLER_ID) VALUES (5,'https://source.unsplash.com/random/601x601/?cup', 'mug5', 6, 12.99, 2) INSERT INTO USER (ID, USERNAME, PASSWORD, FIRSTNAME, LASTNAME, EMAIL, ENABLED, LASTPASSWORDRESETDATE) VALUES (1, 'admin', '$2a$08$lDnHPz7eUkSi6ao14Twuau08mzhWrL4kyZGGU5xfiGALO/Vxd5DOi', 'admin', 'admin', 'admin@admin.com', 1, PARSEDATETIME('01-01-2019', 'dd-MM-yyyy')) "
Syntax error in SQL statement "INSERT INTO SELLERS(ID, SHOP_NAME, LAT, LNG, URL_PHOTO) VALUES (1, 'The Mug Store', 50.837670, 4.352490, 'https://source.unsplash.com/random/600x600/?shop') INSERT[*] INTO SELLERS(ID, SHOP_NAME, LAT, LNG, URL_PHOTO) VALUES (2, 'Cat Empire', 50.844614, 4.345716, 'https://source.unsplash.com/random/600x600/?stall',) INSERT INTO SELLERS(ID, SHOP_NAME, LAT, LNG, URL_PHOTO) VALUES (3, 'Bubble blue', 50.828413, 4.373384, 'https://source.unsplash.com/random/600x600/?boutique') INSERT INTO PRODUCTS(ID, PHOTO1, NAME, QUANTITY, PRICE, SELLER_ID) VALUES (1, 'https://source.unsplash.com/random/600x600/?mug', 'mug', 6, 12.99, 1) INSERT INTO PRODUCTS(ID, PHOTO1, NAME, QUANTITY, PRICE, SELLER_ID) VALUES (2, 'https://source.unsplash.com/random/601x601/?mug', 'mug2', 2, 12.99, 2) INSERT INTO PRODUCTS(ID, PHOTO1, NAME, QUANTITY, PRICE, SELLER_ID) VALUES (3, 'https://source.unsplash.com/random/602x602/?mug', 'mug3', 4, 12.99, 3) INSERT INTO PRODUCTS(ID, PHOTO1, NAME, QUANTITY, PRICE, SELLER_ID) VALUES (4, 'https://source.unsplash.com/random/600x600/?cup', 'mug4', 6, 12.99, 1) INSERT INTO PRODUCTS(ID, PHOTO1, NAME, QUANTITY, PRICE, SELLER_ID) VALUES (5,'https://source.unsplash.com/random/601x601/?cup', 'mug5', 6, 12.99, 2) INSERT INTO USER (ID, USERNAME, PASSWORD, FIRSTNAME, LASTNAME, EMAIL, ENABLED, LASTPASSWORDRESETDATE) VALUES (1, 'admin', '$2a$08$lDnHPz7eUkSi6ao14Twuau08mzhWrL4kyZGGU5xfiGALO/Vxd5DOi', 'admin', 'admin', 'admin@admin.com', 1, PARSEDATETIME('01-01-2019', 'dd-MM-yyyy')) "; SQL statement:
insert into Sellers(id, shop_name, lat, lng, url_photo) values (1, 'The Mug Store', 50.837670, 4.352490, 'https://source.unsplash.com/random/600x600/?shop') insert into Sellers(id, shop_name, lat, lng, url_photo) values (2, 'Cat Empire', 50.844614, 4.345716, 'https://source.unsplash.com/random/600x600/?stall',) insert into Sellers(id, shop_name, lat, lng, url_photo) values (3, 'Bubble blue', 50.828413, 4.373384, 'https://source.unsplash.com/random/600x600/?boutique') insert into Products(id, photo1, name, quantity, price, seller_id) values (1, 'https://source.unsplash.com/random/600x600/?mug', 'mug', 6, 12.99, 1) insert into Products(id, photo1, name, quantity, price, seller_id) values (2, 'https://source.unsplash.com/random/601x601/?mug', 'mug2', 2, 12.99, 2) insert into Products(id, photo1, name, quantity, price, seller_id) values (3, 'https://source.unsplash.com/random/602x602/?mug', 'mug3', 4, 12.99, 3) insert into Products(id, photo1, name, quantity, price, seller_id) values (4, 'https://source.unsplash.com/random/600x600/?cup', 'mug4', 6, 12.99, 1) insert into Products(id, photo1, name, quantity, price, seller_id) values (5,'https://source.unsplash.com/random/601x601/?cup', 'mug5', 6, 12.99, 2) INSERT INTO USER (ID, USERNAME, PASSWORD, FIRSTNAME, LASTNAME, EMAIL, ENABLED, LASTPASSWORDRESETDATE) VALUES (1, 'admin', '$2a$08$lDnHPz7eUkSi6ao14Twuau08mzhWrL4kyZGGU5xfiGALO/Vxd5DOi', 'admin', 'admin', 'admin@admin.com', 1, PARSEDATETIME('01-01-2019', 'dd-MM-yyyy')) [42000-199]
</error>
    <system-out><![CDATA[16:50:10.239 [main] DEBUG org.springframework.test.context.junit4.SpringJUnit4ClassRunner - SpringJUnit4ClassRunner constructor called with [class lab.local_market_app.LocalmarketBackendApplicationTests]
16:50:10.249 [main] DEBUG org.springframework.test.context.BootstrapUtils - Instantiating CacheAwareContextLoaderDelegate from class [org.springframework.test.context.cache.DefaultCacheAwareContextLoaderDelegate]
16:50:10.264 [main] DEBUG org.springframework.test.context.BootstrapUtils - Instantiating BootstrapContext using constructor [public org.springframework.test.context.support.DefaultBootstrapContext(java.lang.Class,org.springframework.test.context.CacheAwareContextLoaderDelegate)]
16:50:10.295 [main] DEBUG org.springframework.test.context.BootstrapUtils - Instantiating TestContextBootstrapper for test class [lab.local_market_app.LocalmarketBackendApplicationTests] from class [org.springframework.boot.test.context.SpringBootTestContextBootstrapper]
16:50:10.319 [main] INFO org.springframework.boot.test.context.SpringBootTestContextBootstrapper - Neither @ContextConfiguration nor @ContextHierarchy found for test class [lab.local_market_app.LocalmarketBackendApplicationTests], using SpringBootContextLoader
16:50:10.328 [main] DEBUG org.springframework.test.context.support.AbstractContextLoader - Did not detect default resource location for test class [lab.local_market_app.LocalmarketBackendApplicationTests]: class path resource [lab/local_market_app/LocalmarketBackendApplicationTests-context.xml] does not exist
16:50:10.351 [main] DEBUG org.springframework.test.context.support.AbstractContextLoader - Did not detect default resource location for test class [lab.local_market_app.LocalmarketBackendApplicationTests]: class path resource [lab/local_market_app/LocalmarketBackendApplicationTestsContext.groovy] does not exist
16:50:10.351 [main] INFO org.springframework.test.context.support.AbstractContextLoader - Could not detect default resource locations for test class [lab.local_market_app.LocalmarketBackendApplicationTests]: no resource found for suffixes {-context.xml, Context.groovy}.
16:50:10.353 [main] INFO org.springframework.test.context.support.AnnotationConfigContextLoaderUtils - Could not detect default configuration classes for test class [lab.local_market_app.LocalmarketBackendApplicationTests]: LocalmarketBackendApplicationTests does not declare any static, non-private, non-final, nested classes annotated with @Configuration.
16:50:10.424 [main] DEBUG org.springframework.test.context.support.ActiveProfilesUtils - Could not find an 'annotation declaring class' for annotation type [org.springframework.test.context.ActiveProfiles] and class [lab.local_market_app.LocalmarketBackendApplicationTests]
16:50:10.553 [main] DEBUG org.springframework.context.annotation.ClassPathScanningCandidateComponentProvider - Identified candidate component class: file [/Users/cam/IdeaProjects/LAB_Local-Market-backend/target/classes/lab/local_market_app/LocalmarketBackendApplication.class]
16:50:10.555 [main] INFO org.springframework.boot.test.context.SpringBootTestContextBootstrapper - Found @SpringBootConfiguration lab.local_market_app.LocalmarketBackendApplication for test class lab.local_market_app.LocalmarketBackendApplicationTests
16:50:10.682 [main] DEBUG org.springframework.boot.test.context.SpringBootTestContextBootstrapper - @TestExecutionListeners is not present for class [lab.local_market_app.LocalmarketBackendApplicationTests]: using defaults.
16:50:10.682 [main] INFO org.springframework.boot.test.context.SpringBootTestContextBootstrapper - Loaded default TestExecutionListener class names from location [META-INF/spring.factories]: [org.springframework.boot.test.mock.mockito.MockitoTestExecutionListener, org.springframework.boot.test.mock.mockito.ResetMocksTestExecutionListener, org.springframework.boot.test.autoconfigure.restdocs.RestDocsTestExecutionListener, org.springframework.boot.test.autoconfigure.web.client.MockRestServiceServerResetTestExecutionListener, org.springframework.boot.test.autoconfigure.web.servlet.MockMvcPrintOnlyOnFailureTestExecutionListener, org.springframework.boot.test.autoconfigure.web.servlet.WebDriverTestExecutionListener, org.springframework.test.context.web.ServletTestExecutionListener, org.springframework.test.context.support.DirtiesContextBeforeModesTestExecutionListener, org.springframework.test.context.support.DependencyInjectionTestExecutionListener, org.springframework.test.context.support.DirtiesContextTestExecutionListener, org.springframework.test.context.transaction.TransactionalTestExecutionListener, org.springframework.test.context.jdbc.SqlScriptsTestExecutionListener]
16:50:10.705 [main] INFO org.springframework.boot.test.context.SpringBootTestContextBootstrapper - Using TestExecutionListeners: [org.springframework.test.context.web.ServletTestExecutionListener@57cf54e1, org.springframework.test.context.support.DirtiesContextBeforeModesTestExecutionListener@5b03b9fe, org.springframework.boot.test.mock.mockito.MockitoTestExecutionListener@37d4349f, org.springframework.boot.test.autoconfigure.SpringBootDependencyInjectionTestExecutionListener@434a63ab, org.springframework.test.context.support.DirtiesContextTestExecutionListener@6e0f5f7f, org.springframework.test.context.transaction.TransactionalTestExecutionListener@2805d709, org.springframework.test.context.jdbc.SqlScriptsTestExecutionListener@3ee37e5a, org.springframework.boot.test.mock.mockito.ResetMocksTestExecutionListener@2ea41516, org.springframework.boot.test.autoconfigure.restdocs.RestDocsTestExecutionListener@3a44431a, org.springframework.boot.test.autoconfigure.web.client.MockRestServiceServerResetTestExecutionListener@3c7f66c4, org.springframework.boot.test.autoconfigure.web.servlet.MockMvcPrintOnlyOnFailureTestExecutionListener@194bcebf, org.springframework.boot.test.autoconfigure.web.servlet.WebDriverTestExecutionListener@17497425]
16:50:10.707 [main] DEBUG org.springframework.test.annotation.ProfileValueUtils - Retrieved @ProfileValueSourceConfiguration [null] for test class [lab.local_market_app.LocalmarketBackendApplicationTests]
16:50:10.708 [main] DEBUG org.springframework.test.annotation.ProfileValueUtils - Retrieved ProfileValueSource type [class org.springframework.test.annotation.SystemProfileValueSource] for class [lab.local_market_app.LocalmarketBackendApplicationTests]
16:50:10.709 [main] DEBUG org.springframework.test.annotation.ProfileValueUtils - Retrieved @ProfileValueSourceConfiguration [null] for test class [lab.local_market_app.LocalmarketBackendApplicationTests]
16:50:10.709 [main] DEBUG org.springframework.test.annotation.ProfileValueUtils - Retrieved ProfileValueSource type [class org.springframework.test.annotation.SystemProfileValueSource] for class [lab.local_market_app.LocalmarketBackendApplicationTests]
16:50:10.710 [main] DEBUG org.springframework.test.annotation.ProfileValueUtils - Retrieved @ProfileValueSourceConfiguration [null] for test class [lab.local_market_app.LocalmarketBackendApplicationTests]
16:50:10.710 [main] DEBUG org.springframework.test.annotation.ProfileValueUtils - Retrieved ProfileValueSource type [class org.springframework.test.annotation.SystemProfileValueSource] for class [lab.local_market_app.LocalmarketBackendApplicationTests]
16:50:10.715 [main] DEBUG org.springframework.test.context.support.AbstractDirtiesContextTestExecutionListener - Before test class: context [DefaultTestContext@59505b48 testClass = LocalmarketBackendApplicationTests, testInstance = [null], testMethod = [null], testException = [null], mergedContextConfiguration = [WebMergedContextConfiguration@4efac082 testClass = LocalmarketBackendApplicationTests, locations = '{}', classes = '{class lab.local_market_app.LocalmarketBackendApplication}', contextInitializerClasses = '[]', activeProfiles = '{}', propertySourceLocations = '{}', propertySourceProperties = '{org.springframework.boot.test.context.SpringBootTestContextBootstrapper=true}', contextCustomizers = set[org.springframework.boot.test.context.filter.ExcludeFilterContextCustomizer@3745e5c6, org.springframework.boot.test.json.DuplicateJsonObjectContextCustomizerFactory$DuplicateJsonObjectContextCustomizer@19d37183, org.springframework.boot.test.mock.mockito.MockitoContextCustomizer@0, org.springframework.boot.test.web.client.TestRestTemplateContextCustomizer@78b729e6, org.springframework.boot.test.autoconfigure.properties.PropertyMappingContextCustomizer@0, org.springframework.boot.test.autoconfigure.web.servlet.WebDriverContextCustomizerFactory$Customizer@38c5cc4c], resourceBasePath = 'src/main/webapp', contextLoader = 'org.springframework.boot.test.context.SpringBootContextLoader', parent = [null]], attributes = map['org.springframework.test.context.web.ServletTestExecutionListener.activateListener' -> true]], class annotated with @DirtiesContext [false] with mode [null].
16:50:10.715 [main] DEBUG org.springframework.test.annotation.ProfileValueUtils - Retrieved @ProfileValueSourceConfiguration [null] for test class [lab.local_market_app.LocalmarketBackendApplicationTests]
16:50:10.715 [main] DEBUG org.springframework.test.annotation.ProfileValueUtils - Retrieved ProfileValueSource type [class org.springframework.test.annotation.SystemProfileValueSource] for class [lab.local_market_app.LocalmarketBackendApplicationTests]
16:50:10.746 [main] DEBUG org.springframework.test.context.support.TestPropertySourceUtils - Adding inlined properties to environment: {spring.jmx.enabled=false, org.springframework.boot.test.context.SpringBootTestContextBootstrapper=true, server.port=-1}

  .   ____          _            __ _ _
 /\\ / ___'_ __ _ _(_)_ __  __ _ \ \ \ \
( ( )\___ | '_ | '_| | '_ \/ _` | \ \ \ \
 \\/  ___)| |_)| | | | | || (_| |  ) ) ) )
  '  |____| .__|_| |_|_| |_\__, | / / / /
 =========|_|==============|___/=/_/_/_/
 :: Spring Boot ::        (v2.1.7.RELEASE)

2019-09-18 16:50:11.125  INFO 13118 --- [           main] l.l.LocalmarketBackendApplicationTests   : Starting LocalmarketBackendApplicationTests on MacBook-Pro-de-Camille.local with PID 13118 (started by cam in /Users/cam/IdeaProjects/LAB_Local-Market-backend)
2019-09-18 16:50:11.127  INFO 13118 --- [           main] l.l.LocalmarketBackendApplicationTests   : No active profile set, falling back to default profiles: default
2019-09-18 16:50:12.263  INFO 13118 --- [           main] .s.d.r.c.RepositoryConfigurationDelegate : Bootstrapping Spring Data repositories in DEFAULT mode.
2019-09-18 16:50:12.380  INFO 13118 --- [           main] .s.d.r.c.RepositoryConfigurationDelegate : Finished Spring Data repository scanning in 104ms. Found 3 repository interfaces.
2019-09-18 16:50:13.179  INFO 13118 --- [           main] trationDelegate$BeanPostProcessorChecker : Bean 'org.springframework.transaction.annotation.ProxyTransactionManagementConfiguration' of type [org.springframework.transaction.annotation.ProxyTransactionManagementConfiguration$$EnhancerBySpringCGLIB$$9dd57109] is not eligible for getting processed by all BeanPostProcessors (for example: not eligible for auto-proxying)
2019-09-18 16:50:13.245  INFO 13118 --- [           main] trationDelegate$BeanPostProcessorChecker : Bean 'org.springframework.security.config.annotation.configuration.ObjectPostProcessorConfiguration' of type [org.springframework.security.config.annotation.configuration.ObjectPostProcessorConfiguration$$EnhancerBySpringCGLIB$$36833943] is not eligible for getting processed by all BeanPostProcessors (for example: not eligible for auto-proxying)
2019-09-18 16:50:13.260  INFO 13118 --- [           main] trationDelegate$BeanPostProcessorChecker : Bean 'objectPostProcessor' of type [org.springframework.security.config.annotation.configuration.AutowireBeanFactoryObjectPostProcessor] is not eligible for getting processed by all BeanPostProcessors (for example: not eligible for auto-proxying)
2019-09-18 16:50:13.263  INFO 13118 --- [           main] trationDelegate$BeanPostProcessorChecker : Bean 'org.springframework.security.access.expression.method.DefaultMethodSecurityExpressionHandler@2c8662ac' of type [org.springframework.security.access.expression.method.DefaultMethodSecurityExpressionHandler] is not eligible for getting processed by all BeanPostProcessors (for example: not eligible for auto-proxying)
2019-09-18 16:50:13.275  INFO 13118 --- [           main] trationDelegate$BeanPostProcessorChecker : Bean 'org.springframework.security.config.annotation.method.configuration.GlobalMethodSecurityConfiguration' of type [org.springframework.security.config.annotation.method.configuration.GlobalMethodSecurityConfiguration$$EnhancerBySpringCGLIB$$5b57dbf5] is not eligible for getting processed by all BeanPostProcessors (for example: not eligible for auto-proxying)
2019-09-18 16:50:13.284  INFO 13118 --- [           main] trationDelegate$BeanPostProcessorChecker : Bean 'methodSecurityMetadataSource' of type [org.springframework.security.access.method.DelegatingMethodSecurityMetadataSource] is not eligible for getting processed by all BeanPostProcessors (for example: not eligible for auto-proxying)
2019-09-18 16:50:13.543  INFO 13118 --- [           main] com.zaxxer.hikari.HikariDataSource       : HikariPool-1 - Starting...
2019-09-18 16:50:13.816  INFO 13118 --- [           main] com.zaxxer.hikari.HikariDataSource       : HikariPool-1 - Start completed.
2019-09-18 16:50:13.937  INFO 13118 --- [           main] o.hibernate.jpa.internal.util.LogHelper  : HHH000204: Processing PersistenceUnitInfo [
	name: default
	...]
2019-09-18 16:50:14.038  INFO 13118 --- [           main] org.hibernate.Version                    : HHH000412: Hibernate Core {5.3.10.Final}
2019-09-18 16:50:14.040  INFO 13118 --- [           main] org.hibernate.cfg.Environment            : HHH000206: hibernate.properties not found
2019-09-18 16:50:14.285  INFO 13118 --- [           main] o.hibernate.annotations.common.Version   : HCANN000001: Hibernate Commons Annotations {5.0.4.Final}
2019-09-18 16:50:14.460  INFO 13118 --- [           main] org.hibernate.dialect.Dialect            : HHH000400: Using dialect: org.hibernate.dialect.H2Dialect
2019-09-18 16:50:15.510  INFO 13118 --- [           main] o.h.t.schema.internal.SchemaCreatorImpl  : HHH000476: Executing import script 'org.hibernate.tool.schema.internal.exec.ScriptSourceInputNonExistentImpl@6b3b2c34'
2019-09-18 16:50:15.514  INFO 13118 --- [           main] j.LocalContainerEntityManagerFactoryBean : Initialized JPA EntityManagerFactory for persistence unit 'default'
2019-09-18 16:50:15.533  WARN 13118 --- [           main] o.s.w.c.s.GenericWebApplicationContext   : Exception encountered during context initialization - cancelling refresh attempt: org.springframework.beans.factory.BeanCreationException: Error creating bean with name 'entityManagerFactory' defined in class path resource [org/springframework/boot/autoconfigure/orm/jpa/HibernateJpaConfiguration.class]: Initialization of bean failed; nested exception is org.springframework.jdbc.datasource.init.ScriptStatementFailedException: Failed to execute SQL script statement #1 of URL [file:/Users/cam/IdeaProjects/LAB_Local-Market-backend/target/classes/data.sql]: insert into Sellers(id, shop_name, lat, lng, url_photo) values (1, 'The Mug Store', 50.837670, 4.352490, 'https://source.unsplash.com/random/600x600/?shop') insert into Sellers(id, shop_name, lat, lng, url_photo) values (2, 'Cat Empire', 50.844614, 4.345716, 'https://source.unsplash.com/random/600x600/?stall',) insert into Sellers(id, shop_name, lat, lng, url_photo) values (3, 'Bubble blue', 50.828413, 4.373384, 'https://source.unsplash.com/random/600x600/?boutique') insert into Products(id, photo1, name, quantity, price, seller_id) values (1, 'https://source.unsplash.com/random/600x600/?mug', 'mug', 6, 12.99, 1) insert into Products(id, photo1, name, quantity, price, seller_id) values (2, 'https://source.unsplash.com/random/601x601/?mug', 'mug2', 2, 12.99, 2) insert into Products(id, photo1, name, quantity, price, seller_id) values (3, 'https://source.unsplash.com/random/602x602/?mug', 'mug3', 4, 12.99, 3) insert into Products(id, photo1, name, quantity, price, seller_id) values (4, 'https://source.unsplash.com/random/600x600/?cup', 'mug4', 6, 12.99, 1) insert into Products(id, photo1, name, quantity, price, seller_id) values (5,'https://source.unsplash.com/random/601x601/?cup', 'mug5', 6, 12.99, 2) INSERT INTO USER (ID, USERNAME, PASSWORD, FIRSTNAME, LASTNAME, EMAIL, ENABLED, LASTPASSWORDRESETDATE) VALUES (1, 'admin', '$2a$08$lDnHPz7eUkSi6ao14Twuau08mzhWrL4kyZGGU5xfiGALO/Vxd5DOi', 'admin', 'admin', 'admin@admin.com', 1, PARSEDATETIME('01-01-2019', 'dd-MM-yyyy')); nested exception is org.h2.jdbc.JdbcSQLSyntaxErrorException: Erreur de syntaxe dans l'instruction SQL "INSERT INTO SELLERS(ID, SHOP_NAME, LAT, LNG, URL_PHOTO) VALUES (1, 'The Mug Store', 50.837670, 4.352490, 'https://source.unsplash.com/random/600x600/?shop') INSERT[*] INTO SELLERS(ID, SHOP_NAME, LAT, LNG, URL_PHOTO) VALUES (2, 'Cat Empire', 50.844614, 4.345716, 'https://source.unsplash.com/random/600x600/?stall',) INSERT INTO SELLERS(ID, SHOP_NAME, LAT, LNG, URL_PHOTO) VALUES (3, 'Bubble blue', 50.828413, 4.373384, 'https://source.unsplash.com/random/600x600/?boutique') INSERT INTO PRODUCTS(ID, PHOTO1, NAME, QUANTITY, PRICE, SELLER_ID) VALUES (1, 'https://source.unsplash.com/random/600x600/?mug', 'mug', 6, 12.99, 1) INSERT INTO PRODUCTS(ID, PHOTO1, NAME, QUANTITY, PRICE, SELLER_ID) VALUES (2, 'https://source.unsplash.com/random/601x601/?mug', 'mug2', 2, 12.99, 2) INSERT INTO PRODUCTS(ID, PHOTO1, NAME, QUANTITY, PRICE, SELLER_ID) VALUES (3, 'https://source.unsplash.com/random/602x602/?mug', 'mug3', 4, 12.99, 3) INSERT INTO PRODUCTS(ID, PHOTO1, NAME, QUANTITY, PRICE, SELLER_ID) VALUES (4, 'https://source.unsplash.com/random/600x600/?cup', 'mug4', 6, 12.99, 1) INSERT INTO PRODUCTS(ID, PHOTO1, NAME, QUANTITY, PRICE, SELLER_ID) VALUES (5,'https://source.unsplash.com/random/601x601/?cup', 'mug5', 6, 12.99, 2) INSERT INTO USER (ID, USERNAME, PASSWORD, FIRSTNAME, LASTNAME, EMAIL, ENABLED, LASTPASSWORDRESETDATE) VALUES (1, 'admin', '$2a$08$lDnHPz7eUkSi6ao14Twuau08mzhWrL4kyZGGU5xfiGALO/Vxd5DOi', 'admin', 'admin', 'admin@admin.com', 1, PARSEDATETIME('01-01-2019', 'dd-MM-yyyy')) "
Syntax error in SQL statement "INSERT INTO SELLERS(ID, SHOP_NAME, LAT, LNG, URL_PHOTO) VALUES (1, 'The Mug Store', 50.837670, 4.352490, 'https://source.unsplash.com/random/600x600/?shop') INSERT[*] INTO SELLERS(ID, SHOP_NAME, LAT, LNG, URL_PHOTO) VALUES (2, 'Cat Empire', 50.844614, 4.345716, 'https://source.unsplash.com/random/600x600/?stall',) INSERT INTO SELLERS(ID, SHOP_NAME, LAT, LNG, URL_PHOTO) VALUES (3, 'Bubble blue', 50.828413, 4.373384, 'https://source.unsplash.com/random/600x600/?boutique') INSERT INTO PRODUCTS(ID, PHOTO1, NAME, QUANTITY, PRICE, SELLER_ID) VALUES (1, 'https://source.unsplash.com/random/600x600/?mug', 'mug', 6, 12.99, 1) INSERT INTO PRODUCTS(ID, PHOTO1, NAME, QUANTITY, PRICE, SELLER_ID) VALUES (2, 'https://source.unsplash.com/random/601x601/?mug', 'mug2', 2, 12.99, 2) INSERT INTO PRODUCTS(ID, PHOTO1, NAME, QUANTITY, PRICE, SELLER_ID) VALUES (3, 'https://source.unsplash.com/random/602x602/?mug', 'mug3', 4, 12.99, 3) INSERT INTO PRODUCTS(ID, PHOTO1, NAME, QUANTITY, PRICE, SELLER_ID) VALUES (4, 'https://source.unsplash.com/random/600x600/?cup', 'mug4', 6, 12.99, 1) INSERT INTO PRODUCTS(ID, PHOTO1, NAME, QUANTITY, PRICE, SELLER_ID) VALUES (5,'https://source.unsplash.com/random/601x601/?cup', 'mug5', 6, 12.99, 2) INSERT INTO USER (ID, USERNAME, PASSWORD, FIRSTNAME, LASTNAME, EMAIL, ENABLED, LASTPASSWORDRESETDATE) VALUES (1, 'admin', '$2a$08$lDnHPz7eUkSi6ao14Twuau08mzhWrL4kyZGGU5xfiGALO/Vxd5DOi', 'admin', 'admin', 'admin@admin.com', 1, PARSEDATETIME('01-01-2019', 'dd-MM-yyyy')) "; SQL statement:
insert into Sellers(id, shop_name, lat, lng, url_photo) values (1, 'The Mug Store', 50.837670, 4.352490, 'https://source.unsplash.com/random/600x600/?shop') insert into Sellers(id, shop_name, lat, lng, url_photo) values (2, 'Cat Empire', 50.844614, 4.345716, 'https://source.unsplash.com/random/600x600/?stall',) insert into Sellers(id, shop_name, lat, lng, url_photo) values (3, 'Bubble blue', 50.828413, 4.373384, 'https://source.unsplash.com/random/600x600/?boutique') insert into Products(id, photo1, name, quantity, price, seller_id) values (1, 'https://source.unsplash.com/random/600x600/?mug', 'mug', 6, 12.99, 1) insert into Products(id, photo1, name, quantity, price, seller_id) values (2, 'https://source.unsplash.com/random/601x601/?mug', 'mug2', 2, 12.99, 2) insert into Products(id, photo1, name, quantity, price, seller_id) values (3, 'https://source.unsplash.com/random/602x602/?mug', 'mug3', 4, 12.99, 3) insert into Products(id, photo1, name, quantity, price, seller_id) values (4, 'https://source.unsplash.com/random/600x600/?cup', 'mug4', 6, 12.99, 1) insert into Products(id, photo1, name, quantity, price, seller_id) values (5,'https://source.unsplash.com/random/601x601/?cup', 'mug5', 6, 12.99, 2) INSERT INTO USER (ID, USERNAME, PASSWORD, FIRSTNAME, LASTNAME, EMAIL, ENABLED, LASTPASSWORDRESETDATE) VALUES (1, 'admin', '$2a$08$lDnHPz7eUkSi6ao14Twuau08mzhWrL4kyZGGU5xfiGALO/Vxd5DOi', 'admin', 'admin', 'admin@admin.com', 1, PARSEDATETIME('01-01-2019', 'dd-MM-yyyy')) [42000-199]
2019-09-18 16:50:15.534  INFO 13118 --- [           main] com.zaxxer.hikari.HikariDataSource       : HikariPool-1 - Shutdown initiated...
2019-09-18 16:50:15.539  INFO 13118 --- [           main] com.zaxxer.hikari.HikariDataSource       : HikariPool-1 - Shutdown completed.
2019-09-18 16:50:15.553  INFO 13118 --- [           main] ConditionEvaluationReportLoggingListener : 

Error starting ApplicationContext. To display the conditions report re-run your application with 'debug' enabled.
2019-09-18 16:50:15.561 ERROR 13118 --- [           main] o.s.boot.SpringApplication               : Application run failed

org.springframework.beans.factory.BeanCreationException: Error creating bean with name 'entityManagerFactory' defined in class path resource [org/springframework/boot/autoconfigure/orm/jpa/HibernateJpaConfiguration.class]: Initialization of bean failed; nested exception is org.springframework.jdbc.datasource.init.ScriptStatementFailedException: Failed to execute SQL script statement #1 of URL [file:/Users/cam/IdeaProjects/LAB_Local-Market-backend/target/classes/data.sql]: insert into Sellers(id, shop_name, lat, lng, url_photo) values (1, 'The Mug Store', 50.837670, 4.352490, 'https://source.unsplash.com/random/600x600/?shop') insert into Sellers(id, shop_name, lat, lng, url_photo) values (2, 'Cat Empire', 50.844614, 4.345716, 'https://source.unsplash.com/random/600x600/?stall',) insert into Sellers(id, shop_name, lat, lng, url_photo) values (3, 'Bubble blue', 50.828413, 4.373384, 'https://source.unsplash.com/random/600x600/?boutique') insert into Products(id, photo1, name, quantity, price, seller_id) values (1, 'https://source.unsplash.com/random/600x600/?mug', 'mug', 6, 12.99, 1) insert into Products(id, photo1, name, quantity, price, seller_id) values (2, 'https://source.unsplash.com/random/601x601/?mug', 'mug2', 2, 12.99, 2) insert into Products(id, photo1, name, quantity, price, seller_id) values (3, 'https://source.unsplash.com/random/602x602/?mug', 'mug3', 4, 12.99, 3) insert into Products(id, photo1, name, quantity, price, seller_id) values (4, 'https://source.unsplash.com/random/600x600/?cup', 'mug4', 6, 12.99, 1) insert into Products(id, photo1, name, quantity, price, seller_id) values (5,'https://source.unsplash.com/random/601x601/?cup', 'mug5', 6, 12.99, 2) INSERT INTO USER (ID, USERNAME, PASSWORD, FIRSTNAME, LASTNAME, EMAIL, ENABLED, LASTPASSWORDRESETDATE) VALUES (1, 'admin', '$2a$08$lDnHPz7eUkSi6ao14Twuau08mzhWrL4kyZGGU5xfiGALO/Vxd5DOi', 'admin', 'admin', 'admin@admin.com', 1, PARSEDATETIME('01-01-2019', 'dd-MM-yyyy')); nested exception is org.h2.jdbc.JdbcSQLSyntaxErrorException: Erreur de syntaxe dans l'instruction SQL "INSERT INTO SELLERS(ID, SHOP_NAME, LAT, LNG, URL_PHOTO) VALUES (1, 'The Mug Store', 50.837670, 4.352490, 'https://source.unsplash.com/random/600x600/?shop') INSERT[*] INTO SELLERS(ID, SHOP_NAME, LAT, LNG, URL_PHOTO) VALUES (2, 'Cat Empire', 50.844614, 4.345716, 'https://source.unsplash.com/random/600x600/?stall',) INSERT INTO SELLERS(ID, SHOP_NAME, LAT, LNG, URL_PHOTO) VALUES (3, 'Bubble blue', 50.828413, 4.373384, 'https://source.unsplash.com/random/600x600/?boutique') INSERT INTO PRODUCTS(ID, PHOTO1, NAME, QUANTITY, PRICE, SELLER_ID) VALUES (1, 'https://source.unsplash.com/random/600x600/?mug', 'mug', 6, 12.99, 1) INSERT INTO PRODUCTS(ID, PHOTO1, NAME, QUANTITY, PRICE, SELLER_ID) VALUES (2, 'https://source.unsplash.com/random/601x601/?mug', 'mug2', 2, 12.99, 2) INSERT INTO PRODUCTS(ID, PHOTO1, NAME, QUANTITY, PRICE, SELLER_ID) VALUES (3, 'https://source.unsplash.com/random/602x602/?mug', 'mug3', 4, 12.99, 3) INSERT INTO PRODUCTS(ID, PHOTO1, NAME, QUANTITY, PRICE, SELLER_ID) VALUES (4, 'https://source.unsplash.com/random/600x600/?cup', 'mug4', 6, 12.99, 1) INSERT INTO PRODUCTS(ID, PHOTO1, NAME, QUANTITY, PRICE, SELLER_ID) VALUES (5,'https://source.unsplash.com/random/601x601/?cup', 'mug5', 6, 12.99, 2) INSERT INTO USER (ID, USERNAME, PASSWORD, FIRSTNAME, LASTNAME, EMAIL, ENABLED, LASTPASSWORDRESETDATE) VALUES (1, 'admin', '$2a$08$lDnHPz7eUkSi6ao14Twuau08mzhWrL4kyZGGU5xfiGALO/Vxd5DOi', 'admin', 'admin', 'admin@admin.com', 1, PARSEDATETIME('01-01-2019', 'dd-MM-yyyy')) "
Syntax error in SQL statement "INSERT INTO SELLERS(ID, SHOP_NAME, LAT, LNG, URL_PHOTO) VALUES (1, 'The Mug Store', 50.837670, 4.352490, 'https://source.unsplash.com/random/600x600/?shop') INSERT[*] INTO SELLERS(ID, SHOP_NAME, LAT, LNG, URL_PHOTO) VALUES (2, 'Cat Empire', 50.844614, 4.345716, 'https://source.unsplash.com/random/600x600/?stall',) INSERT INTO SELLERS(ID, SHOP_NAME, LAT, LNG, URL_PHOTO) VALUES (3, 'Bubble blue', 50.828413, 4.373384, 'https://source.unsplash.com/random/600x600/?boutique') INSERT INTO PRODUCTS(ID, PHOTO1, NAME, QUANTITY, PRICE, SELLER_ID) VALUES (1, 'https://source.unsplash.com/random/600x600/?mug', 'mug', 6, 12.99, 1) INSERT INTO PRODUCTS(ID, PHOTO1, NAME, QUANTITY, PRICE, SELLER_ID) VALUES (2, 'https://source.unsplash.com/random/601x601/?mug', 'mug2', 2, 12.99, 2) INSERT INTO PRODUCTS(ID, PHOTO1, NAME, QUANTITY, PRICE, SELLER_ID) VALUES (3, 'https://source.unsplash.com/random/602x602/?mug', 'mug3', 4, 12.99, 3) INSERT INTO PRODUCTS(ID, PHOTO1, NAME, QUANTITY, PRICE, SELLER_ID) VALUES (4, 'https://source.unsplash.com/random/600x600/?cup', 'mug4', 6, 12.99, 1) INSERT INTO PRODUCTS(ID, PHOTO1, NAME, QUANTITY, PRICE, SELLER_ID) VALUES (5,'https://source.unsplash.com/random/601x601/?cup', 'mug5', 6, 12.99, 2) INSERT INTO USER (ID, USERNAME, PASSWORD, FIRSTNAME, LASTNAME, EMAIL, ENABLED, LASTPASSWORDRESETDATE) VALUES (1, 'admin', '$2a$08$lDnHPz7eUkSi6ao14Twuau08mzhWrL4kyZGGU5xfiGALO/Vxd5DOi', 'admin', 'admin', 'admin@admin.com', 1, PARSEDATETIME('01-01-2019', 'dd-MM-yyyy')) "; SQL statement:
insert into Sellers(id, shop_name, lat, lng, url_photo) values (1, 'The Mug Store', 50.837670, 4.352490, 'https://source.unsplash.com/random/600x600/?shop') insert into Sellers(id, shop_name, lat, lng, url_photo) values (2, 'Cat Empire', 50.844614, 4.345716, 'https://source.unsplash.com/random/600x600/?stall',) insert into Sellers(id, shop_name, lat, lng, url_photo) values (3, 'Bubble blue', 50.828413, 4.373384, 'https://source.unsplash.com/random/600x600/?boutique') insert into Products(id, photo1, name, quantity, price, seller_id) values (1, 'https://source.unsplash.com/random/600x600/?mug', 'mug', 6, 12.99, 1) insert into Products(id, photo1, name, quantity, price, seller_id) values (2, 'https://source.unsplash.com/random/601x601/?mug', 'mug2', 2, 12.99, 2) insert into Products(id, photo1, name, quantity, price, seller_id) values (3, 'https://source.unsplash.com/random/602x602/?mug', 'mug3', 4, 12.99, 3) insert into Products(id, photo1, name, quantity, price, seller_id) values (4, 'https://source.unsplash.com/random/600x600/?cup', 'mug4', 6, 12.99, 1) insert into Products(id, photo1, name, quantity, price, seller_id) values (5,'https://source.unsplash.com/random/601x601/?cup', 'mug5', 6, 12.99, 2) INSERT INTO USER (ID, USERNAME, PASSWORD, FIRSTNAME, LASTNAME, EMAIL, ENABLED, LASTPASSWORDRESETDATE) VALUES (1, 'admin', '$2a$08$lDnHPz7eUkSi6ao14Twuau08mzhWrL4kyZGGU5xfiGALO/Vxd5DOi', 'admin', 'admin', 'admin@admin.com', 1, PARSEDATETIME('01-01-2019', 'dd-MM-yyyy')) [42000-199]
	at org.springframework.beans.factory.support.AbstractAutowireCapableBeanFactory.doCreateBean(AbstractAutowireCapableBeanFactory.java:601) ~[spring-beans-5.1.9.RELEASE.jar:5.1.9.RELEASE]
	at org.springframework.beans.factory.support.AbstractAutowireCapableBeanFactory.createBean(AbstractAutowireCapableBeanFactory.java:515) ~[spring-beans-5.1.9.RELEASE.jar:5.1.9.RELEASE]
	at org.springframework.beans.factory.support.AbstractBeanFactory.lambda$doGetBean$0(AbstractBeanFactory.java:320) ~[spring-beans-5.1.9.RELEASE.jar:5.1.9.RELEASE]
	at org.springframework.beans.factory.support.DefaultSingletonBeanRegistry.getSingleton(DefaultSingletonBeanRegistry.java:222) ~[spring-beans-5.1.9.RELEASE.jar:5.1.9.RELEASE]
	at org.springframework.beans.factory.support.AbstractBeanFactory.doGetBean(AbstractBeanFactory.java:318) ~[spring-beans-5.1.9.RELEASE.jar:5.1.9.RELEASE]
	at org.springframework.beans.factory.support.AbstractBeanFactory.getBean(AbstractBeanFactory.java:199) ~[spring-beans-5.1.9.RELEASE.jar:5.1.9.RELEASE]
	at org.springframework.context.support.AbstractApplicationContext.getBean(AbstractApplicationContext.java:1105) ~[spring-context-5.1.9.RELEASE.jar:5.1.9.RELEASE]
	at org.springframework.context.support.AbstractApplicationContext.finishBeanFactoryInitialization(AbstractApplicationContext.java:867) ~[spring-context-5.1.9.RELEASE.jar:5.1.9.RELEASE]
	at org.springframework.context.support.AbstractApplicationContext.refresh(AbstractApplicationContext.java:549) ~[spring-context-5.1.9.RELEASE.jar:5.1.9.RELEASE]
	at org.springframework.boot.SpringApplication.refresh(SpringApplication.java:743) ~[spring-boot-2.1.7.RELEASE.jar:2.1.7.RELEASE]
	at org.springframework.boot.SpringApplication.refreshContext(SpringApplication.java:390) ~[spring-boot-2.1.7.RELEASE.jar:2.1.7.RELEASE]
	at org.springframework.boot.SpringApplication.run(SpringApplication.java:312) ~[spring-boot-2.1.7.RELEASE.jar:2.1.7.RELEASE]
	at org.springframework.boot.test.context.SpringBootContextLoader.loadContext(SpringBootContextLoader.java:120) ~[spring-boot-test-2.1.7.RELEASE.jar:2.1.7.RELEASE]
	at org.springframework.test.context.cache.DefaultCacheAwareContextLoaderDelegate.loadContextInternal(DefaultCacheAwareContextLoaderDelegate.java:99) ~[spring-test-5.1.9.RELEASE.jar:5.1.9.RELEASE]
	at org.springframework.test.context.cache.DefaultCacheAwareContextLoaderDelegate.loadContext(DefaultCacheAwareContextLoaderDelegate.java:117) ~[spring-test-5.1.9.RELEASE.jar:5.1.9.RELEASE]
	at org.springframework.test.context.support.DefaultTestContext.getApplicationContext(DefaultTestContext.java:108) ~[spring-test-5.1.9.RELEASE.jar:5.1.9.RELEASE]
	at org.springframework.test.context.web.ServletTestExecutionListener.setUpRequestContextIfNecessary(ServletTestExecutionListener.java:190) ~[spring-test-5.1.9.RELEASE.jar:5.1.9.RELEASE]
	at org.springframework.test.context.web.ServletTestExecutionListener.prepareTestInstance(ServletTestExecutionListener.java:132) ~[spring-test-5.1.9.RELEASE.jar:5.1.9.RELEASE]
	at org.springframework.test.context.TestContextManager.prepareTestInstance(TestContextManager.java:246) ~[spring-test-5.1.9.RELEASE.jar:5.1.9.RELEASE]
	at org.springframework.test.context.junit4.SpringJUnit4ClassRunner.createTest(SpringJUnit4ClassRunner.java:227) ~[spring-test-5.1.9.RELEASE.jar:5.1.9.RELEASE]
	at org.springframework.test.context.junit4.SpringJUnit4ClassRunner$1.runReflectiveCall(SpringJUnit4ClassRunner.java:289) ~[spring-test-5.1.9.RELEASE.jar:5.1.9.RELEASE]
	at org.junit.internal.runners.model.ReflectiveCallable.run(ReflectiveCallable.java:12) ~[junit-4.12.jar:4.12]
	at org.springframework.test.context.junit4.SpringJUnit4ClassRunner.methodBlock(SpringJUnit4ClassRunner.java:291) ~[spring-test-5.1.9.RELEASE.jar:5.1.9.RELEASE]
	at org.springframework.test.context.junit4.SpringJUnit4ClassRunner.runChild(SpringJUnit4ClassRunner.java:246) ~[spring-test-5.1.9.RELEASE.jar:5.1.9.RELEASE]
	at org.springframework.test.context.junit4.SpringJUnit4ClassRunner.runChild(SpringJUnit4ClassRunner.java:97) ~[spring-test-5.1.9.RELEASE.jar:5.1.9.RELEASE]
	at org.junit.runners.ParentRunner$3.run(ParentRunner.java:290) ~[junit-4.12.jar:4.12]
	at org.junit.runners.ParentRunner$1.schedule(ParentRunner.java:71) ~[junit-4.12.jar:4.12]
	at org.junit.runners.ParentRunner.runChildren(ParentRunner.java:288) ~[junit-4.12.jar:4.12]
	at org.junit.runners.ParentRunner.access$000(ParentRunner.java:58) ~[junit-4.12.jar:4.12]
	at org.junit.runners.ParentRunner$2.evaluate(ParentRunner.java:268) ~[junit-4.12.jar:4.12]
	at org.springframework.test.context.junit4.statements.RunBeforeTestClassCallbacks.evaluate(RunBeforeTestClassCallbacks.java:61) ~[spring-test-5.1.9.RELEASE.jar:5.1.9.RELEASE]
	at org.springframework.test.context.junit4.statements.RunAfterTestClassCallbacks.evaluate(RunAfterTestClassCallbacks.java:70) ~[spring-test-5.1.9.RELEASE.jar:5.1.9.RELEASE]
	at org.junit.runners.ParentRunner.run(ParentRunner.java:363) ~[junit-4.12.jar:4.12]
	at org.springframework.test.context.junit4.SpringJUnit4ClassRunner.run(SpringJUnit4ClassRunner.java:190) ~[spring-test-5.1.9.RELEASE.jar:5.1.9.RELEASE]
	at org.apache.maven.surefire.junit4.JUnit4Provider.execute(JUnit4Provider.java:365) ~[surefire-junit4-2.22.2.jar:2.22.2]
	at org.apache.maven.surefire.junit4.JUnit4Provider.executeWithRerun(JUnit4Provider.java:273) ~[surefire-junit4-2.22.2.jar:2.22.2]
	at org.apache.maven.surefire.junit4.JUnit4Provider.executeTestSet(JUnit4Provider.java:238) ~[surefire-junit4-2.22.2.jar:2.22.2]
	at org.apache.maven.surefire.junit4.JUnit4Provider.invoke(JUnit4Provider.java:159) ~[surefire-junit4-2.22.2.jar:2.22.2]
	at org.apache.maven.surefire.booter.ForkedBooter.invokeProviderInSameClassLoader(ForkedBooter.java:384) ~[surefire-booter-2.22.2.jar:2.22.2]
	at org.apache.maven.surefire.booter.ForkedBooter.runSuitesInProcess(ForkedBooter.java:345) ~[surefire-booter-2.22.2.jar:2.22.2]
	at org.apache.maven.surefire.booter.ForkedBooter.execute(ForkedBooter.java:126) ~[surefire-booter-2.22.2.jar:2.22.2]
	at org.apache.maven.surefire.booter.ForkedBooter.main(ForkedBooter.java:418) ~[surefire-booter-2.22.2.jar:2.22.2]
Caused by: org.springframework.jdbc.datasource.init.ScriptStatementFailedException: Failed to execute SQL script statement #1 of URL [file:/Users/cam/IdeaProjects/LAB_Local-Market-backend/target/classes/data.sql]: insert into Sellers(id, shop_name, lat, lng, url_photo) values (1, 'The Mug Store', 50.837670, 4.352490, 'https://source.unsplash.com/random/600x600/?shop') insert into Sellers(id, shop_name, lat, lng, url_photo) values (2, 'Cat Empire', 50.844614, 4.345716, 'https://source.unsplash.com/random/600x600/?stall',) insert into Sellers(id, shop_name, lat, lng, url_photo) values (3, 'Bubble blue', 50.828413, 4.373384, 'https://source.unsplash.com/random/600x600/?boutique') insert into Products(id, photo1, name, quantity, price, seller_id) values (1, 'https://source.unsplash.com/random/600x600/?mug', 'mug', 6, 12.99, 1) insert into Products(id, photo1, name, quantity, price, seller_id) values (2, 'https://source.unsplash.com/random/601x601/?mug', 'mug2', 2, 12.99, 2) insert into Products(id, photo1, name, quantity, price, seller_id) values (3, 'https://source.unsplash.com/random/602x602/?mug', 'mug3', 4, 12.99, 3) insert into Products(id, photo1, name, quantity, price, seller_id) values (4, 'https://source.unsplash.com/random/600x600/?cup', 'mug4', 6, 12.99, 1) insert into Products(id, photo1, name, quantity, price, seller_id) values (5,'https://source.unsplash.com/random/601x601/?cup', 'mug5', 6, 12.99, 2) INSERT INTO USER (ID, USERNAME, PASSWORD, FIRSTNAME, LASTNAME, EMAIL, ENABLED, LASTPASSWORDRESETDATE) VALUES (1, 'admin', '$2a$08$lDnHPz7eUkSi6ao14Twuau08mzhWrL4kyZGGU5xfiGALO/Vxd5DOi', 'admin', 'admin', 'admin@admin.com', 1, PARSEDATETIME('01-01-2019', 'dd-MM-yyyy')); nested exception is org.h2.jdbc.JdbcSQLSyntaxErrorException: Erreur de syntaxe dans l'instruction SQL "INSERT INTO SELLERS(ID, SHOP_NAME, LAT, LNG, URL_PHOTO) VALUES (1, 'The Mug Store', 50.837670, 4.352490, 'https://source.unsplash.com/random/600x600/?shop') INSERT[*] INTO SELLERS(ID, SHOP_NAME, LAT, LNG, URL_PHOTO) VALUES (2, 'Cat Empire', 50.844614, 4.345716, 'https://source.unsplash.com/random/600x600/?stall',) INSERT INTO SELLERS(ID, SHOP_NAME, LAT, LNG, URL_PHOTO) VALUES (3, 'Bubble blue', 50.828413, 4.373384, 'https://source.unsplash.com/random/600x600/?boutique') INSERT INTO PRODUCTS(ID, PHOTO1, NAME, QUANTITY, PRICE, SELLER_ID) VALUES (1, 'https://source.unsplash.com/random/600x600/?mug', 'mug', 6, 12.99, 1) INSERT INTO PRODUCTS(ID, PHOTO1, NAME, QUANTITY, PRICE, SELLER_ID) VALUES (2, 'https://source.unsplash.com/random/601x601/?mug', 'mug2', 2, 12.99, 2) INSERT INTO PRODUCTS(ID, PHOTO1, NAME, QUANTITY, PRICE, SELLER_ID) VALUES (3, 'https://source.unsplash.com/random/602x602/?mug', 'mug3', 4, 12.99, 3) INSERT INTO PRODUCTS(ID, PHOTO1, NAME, QUANTITY, PRICE, SELLER_ID) VALUES (4, 'https://source.unsplash.com/random/600x600/?cup', 'mug4', 6, 12.99, 1) INSERT INTO PRODUCTS(ID, PHOTO1, NAME, QUANTITY, PRICE, SELLER_ID) VALUES (5,'https://source.unsplash.com/random/601x601/?cup', 'mug5', 6, 12.99, 2) INSERT INTO USER (ID, USERNAME, PASSWORD, FIRSTNAME, LASTNAME, EMAIL, ENABLED, LASTPASSWORDRESETDATE) VALUES (1, 'admin', '$2a$08$lDnHPz7eUkSi6ao14Twuau08mzhWrL4kyZGGU5xfiGALO/Vxd5DOi', 'admin', 'admin', 'admin@admin.com', 1, PARSEDATETIME('01-01-2019', 'dd-MM-yyyy')) "
Syntax error in SQL statement "INSERT INTO SELLERS(ID, SHOP_NAME, LAT, LNG, URL_PHOTO) VALUES (1, 'The Mug Store', 50.837670, 4.352490, 'https://source.unsplash.com/random/600x600/?shop') INSERT[*] INTO SELLERS(ID, SHOP_NAME, LAT, LNG, URL_PHOTO) VALUES (2, 'Cat Empire', 50.844614, 4.345716, 'https://source.unsplash.com/random/600x600/?stall',) INSERT INTO SELLERS(ID, SHOP_NAME, LAT, LNG, URL_PHOTO) VALUES (3, 'Bubble blue', 50.828413, 4.373384, 'https://source.unsplash.com/random/600x600/?boutique') INSERT INTO PRODUCTS(ID, PHOTO1, NAME, QUANTITY, PRICE, SELLER_ID) VALUES (1, 'https://source.unsplash.com/random/600x600/?mug', 'mug', 6, 12.99, 1) INSERT INTO PRODUCTS(ID, PHOTO1, NAME, QUANTITY, PRICE, SELLER_ID) VALUES (2, 'https://source.unsplash.com/random/601x601/?mug', 'mug2', 2, 12.99, 2) INSERT INTO PRODUCTS(ID, PHOTO1, NAME, QUANTITY, PRICE, SELLER_ID) VALUES (3, 'https://source.unsplash.com/random/602x602/?mug', 'mug3', 4, 12.99, 3) INSERT INTO PRODUCTS(ID, PHOTO1, NAME, QUANTITY, PRICE, SELLER_ID) VALUES (4, 'https://source.unsplash.com/random/600x600/?cup', 'mug4', 6, 12.99, 1) INSERT INTO PRODUCTS(ID, PHOTO1, NAME, QUANTITY, PRICE, SELLER_ID) VALUES (5,'https://source.unsplash.com/random/601x601/?cup', 'mug5', 6, 12.99, 2) INSERT INTO USER (ID, USERNAME, PASSWORD, FIRSTNAME, LASTNAME, EMAIL, ENABLED, LASTPASSWORDRESETDATE) VALUES (1, 'admin', '$2a$08$lDnHPz7eUkSi6ao14Twuau08mzhWrL4kyZGGU5xfiGALO/Vxd5DOi', 'admin', 'admin', 'admin@admin.com', 1, PARSEDATETIME('01-01-2019', 'dd-MM-yyyy')) "; SQL statement:
insert into Sellers(id, shop_name, lat, lng, url_photo) values (1, 'The Mug Store', 50.837670, 4.352490, 'https://source.unsplash.com/random/600x600/?shop') insert into Sellers(id, shop_name, lat, lng, url_photo) values (2, 'Cat Empire', 50.844614, 4.345716, 'https://source.unsplash.com/random/600x600/?stall',) insert into Sellers(id, shop_name, lat, lng, url_photo) values (3, 'Bubble blue', 50.828413, 4.373384, 'https://source.unsplash.com/random/600x600/?boutique') insert into Products(id, photo1, name, quantity, price, seller_id) values (1, 'https://source.unsplash.com/random/600x600/?mug', 'mug', 6, 12.99, 1) insert into Products(id, photo1, name, quantity, price, seller_id) values (2, 'https://source.unsplash.com/random/601x601/?mug', 'mug2', 2, 12.99, 2) insert into Products(id, photo1, name, quantity, price, seller_id) values (3, 'https://source.unsplash.com/random/602x602/?mug', 'mug3', 4, 12.99, 3) insert into Products(id, photo1, name, quantity, price, seller_id) values (4, 'https://source.unsplash.com/random/600x600/?cup', 'mug4', 6, 12.99, 1) insert into Products(id, photo1, name, quantity, price, seller_id) values (5,'https://source.unsplash.com/random/601x601/?cup', 'mug5', 6, 12.99, 2) INSERT INTO USER (ID, USERNAME, PASSWORD, FIRSTNAME, LASTNAME, EMAIL, ENABLED, LASTPASSWORDRESETDATE) VALUES (1, 'admin', '$2a$08$lDnHPz7eUkSi6ao14Twuau08mzhWrL4kyZGGU5xfiGALO/Vxd5DOi', 'admin', 'admin', 'admin@admin.com', 1, PARSEDATETIME('01-01-2019', 'dd-MM-yyyy')) [42000-199]
	at org.springframework.jdbc.datasource.init.ScriptUtils.executeSqlScript(ScriptUtils.java:509) ~[spring-jdbc-5.1.9.RELEASE.jar:5.1.9.RELEASE]
	at org.springframework.jdbc.datasource.init.ResourceDatabasePopulator.populate(ResourceDatabasePopulator.java:238) ~[spring-jdbc-5.1.9.RELEASE.jar:5.1.9.RELEASE]
	at org.springframework.jdbc.datasource.init.DatabasePopulatorUtils.execute(DatabasePopulatorUtils.java:48) ~[spring-jdbc-5.1.9.RELEASE.jar:5.1.9.RELEASE]
	at org.springframework.boot.autoconfigure.jdbc.DataSourceInitializer.runScripts(DataSourceInitializer.java:202) ~[spring-boot-autoconfigure-2.1.7.RELEASE.jar:2.1.7.RELEASE]
	at org.springframework.boot.autoconfigure.jdbc.DataSourceInitializer.initSchema(DataSourceInitializer.java:119) ~[spring-boot-autoconfigure-2.1.7.RELEASE.jar:2.1.7.RELEASE]
	at org.springframework.boot.autoconfigure.jdbc.DataSourceInitializerInvoker.onApplicationEvent(DataSourceInitializerInvoker.java:89) ~[spring-boot-autoconfigure-2.1.7.RELEASE.jar:2.1.7.RELEASE]
	at org.springframework.boot.autoconfigure.jdbc.DataSourceInitializerInvoker.onApplicationEvent(DataSourceInitializerInvoker.java:37) ~[spring-boot-autoconfigure-2.1.7.RELEASE.jar:2.1.7.RELEASE]
	at org.springframework.context.event.SimpleApplicationEventMulticaster.doInvokeListener(SimpleApplicationEventMulticaster.java:172) ~[spring-context-5.1.9.RELEASE.jar:5.1.9.RELEASE]
	at org.springframework.context.event.SimpleApplicationEventMulticaster.invokeListener(SimpleApplicationEventMulticaster.java:165) ~[spring-context-5.1.9.RELEASE.jar:5.1.9.RELEASE]
	at org.springframework.context.event.SimpleApplicationEventMulticaster.multicastEvent(SimpleApplicationEventMulticaster.java:139) ~[spring-context-5.1.9.RELEASE.jar:5.1.9.RELEASE]
	at org.springframework.context.support.AbstractApplicationContext.publishEvent(AbstractApplicationContext.java:402) ~[spring-context-5.1.9.RELEASE.jar:5.1.9.RELEASE]
	at org.springframework.context.support.AbstractApplicationContext.publishEvent(AbstractApplicationContext.java:359) ~[spring-context-5.1.9.RELEASE.jar:5.1.9.RELEASE]
	at org.springframework.boot.autoconfigure.orm.jpa.DataSourceInitializedPublisher.publishEventIfRequired(DataSourceInitializedPublisher.java:94) ~[spring-boot-autoconfigure-2.1.7.RELEASE.jar:2.1.7.RELEASE]
	at org.springframework.boot.autoconfigure.orm.jpa.DataSourceInitializedPublisher.postProcessAfterInitialization(DataSourceInitializedPublisher.java:85) ~[spring-boot-autoconfigure-2.1.7.RELEASE.jar:2.1.7.RELEASE]
	at org.springframework.beans.factory.support.AbstractAutowireCapableBeanFactory.applyBeanPostProcessorsAfterInitialization(AbstractAutowireCapableBeanFactory.java:429) ~[spring-beans-5.1.9.RELEASE.jar:5.1.9.RELEASE]
	at org.springframework.beans.factory.support.AbstractAutowireCapableBeanFactory.initializeBean(AbstractAutowireCapableBeanFactory.java:1782) ~[spring-beans-5.1.9.RELEASE.jar:5.1.9.RELEASE]
	at org.springframework.beans.factory.support.AbstractAutowireCapableBeanFactory.doCreateBean(AbstractAutowireCapableBeanFactory.java:593) ~[spring-beans-5.1.9.RELEASE.jar:5.1.9.RELEASE]
	... 41 common frames omitted
Caused by: org.h2.jdbc.JdbcSQLSyntaxErrorException: Erreur de syntaxe dans l'instruction SQL "INSERT INTO SELLERS(ID, SHOP_NAME, LAT, LNG, URL_PHOTO) VALUES (1, 'The Mug Store', 50.837670, 4.352490, 'https://source.unsplash.com/random/600x600/?shop') INSERT[*] INTO SELLERS(ID, SHOP_NAME, LAT, LNG, URL_PHOTO) VALUES (2, 'Cat Empire', 50.844614, 4.345716, 'https://source.unsplash.com/random/600x600/?stall',) INSERT INTO SELLERS(ID, SHOP_NAME, LAT, LNG, URL_PHOTO) VALUES (3, 'Bubble blue', 50.828413, 4.373384, 'https://source.unsplash.com/random/600x600/?boutique') INSERT INTO PRODUCTS(ID, PHOTO1, NAME, QUANTITY, PRICE, SELLER_ID) VALUES (1, 'https://source.unsplash.com/random/600x600/?mug', 'mug', 6, 12.99, 1) INSERT INTO PRODUCTS(ID, PHOTO1, NAME, QUANTITY, PRICE, SELLER_ID) VALUES (2, 'https://source.unsplash.com/random/601x601/?mug', 'mug2', 2, 12.99, 2) INSERT INTO PRODUCTS(ID, PHOTO1, NAME, QUANTITY, PRICE, SELLER_ID) VALUES (3, 'https://source.unsplash.com/random/602x602/?mug', 'mug3', 4, 12.99, 3) INSERT INTO PRODUCTS(ID, PHOTO1, NAME, QUANTITY, PRICE, SELLER_ID) VALUES (4, 'https://source.unsplash.com/random/600x600/?cup', 'mug4', 6, 12.99, 1) INSERT INTO PRODUCTS(ID, PHOTO1, NAME, QUANTITY, PRICE, SELLER_ID) VALUES (5,'https://source.unsplash.com/random/601x601/?cup', 'mug5', 6, 12.99, 2) INSERT INTO USER (ID, USERNAME, PASSWORD, FIRSTNAME, LASTNAME, EMAIL, ENABLED, LASTPASSWORDRESETDATE) VALUES (1, 'admin', '$2a$08$lDnHPz7eUkSi6ao14Twuau08mzhWrL4kyZGGU5xfiGALO/Vxd5DOi', 'admin', 'admin', 'admin@admin.com', 1, PARSEDATETIME('01-01-2019', 'dd-MM-yyyy')) "
Syntax error in SQL statement "INSERT INTO SELLERS(ID, SHOP_NAME, LAT, LNG, URL_PHOTO) VALUES (1, 'The Mug Store', 50.837670, 4.352490, 'https://source.unsplash.com/random/600x600/?shop') INSERT[*] INTO SELLERS(ID, SHOP_NAME, LAT, LNG, URL_PHOTO) VALUES (2, 'Cat Empire', 50.844614, 4.345716, 'https://source.unsplash.com/random/600x600/?stall',) INSERT INTO SELLERS(ID, SHOP_NAME, LAT, LNG, URL_PHOTO) VALUES (3, 'Bubble blue', 50.828413, 4.373384, 'https://source.unsplash.com/random/600x600/?boutique') INSERT INTO PRODUCTS(ID, PHOTO1, NAME, QUANTITY, PRICE, SELLER_ID) VALUES (1, 'https://source.unsplash.com/random/600x600/?mug', 'mug', 6, 12.99, 1) INSERT INTO PRODUCTS(ID, PHOTO1, NAME, QUANTITY, PRICE, SELLER_ID) VALUES (2, 'https://source.unsplash.com/random/601x601/?mug', 'mug2', 2, 12.99, 2) INSERT INTO PRODUCTS(ID, PHOTO1, NAME, QUANTITY, PRICE, SELLER_ID) VALUES (3, 'https://source.unsplash.com/random/602x602/?mug', 'mug3', 4, 12.99, 3) INSERT INTO PRODUCTS(ID, PHOTO1, NAME, QUANTITY, PRICE, SELLER_ID) VALUES (4, 'https://source.unsplash.com/random/600x600/?cup', 'mug4', 6, 12.99, 1) INSERT INTO PRODUCTS(ID, PHOTO1, NAME, QUANTITY, PRICE, SELLER_ID) VALUES (5,'https://source.unsplash.com/random/601x601/?cup', 'mug5', 6, 12.99, 2) INSERT INTO USER (ID, USERNAME, PASSWORD, FIRSTNAME, LASTNAME, EMAIL, ENABLED, LASTPASSWORDRESETDATE) VALUES (1, 'admin', '$2a$08$lDnHPz7eUkSi6ao14Twuau08mzhWrL4kyZGGU5xfiGALO/Vxd5DOi', 'admin', 'admin', 'admin@admin.com', 1, PARSEDATETIME('01-01-2019', 'dd-MM-yyyy')) "; SQL statement:
insert into Sellers(id, shop_name, lat, lng, url_photo) values (1, 'The Mug Store', 50.837670, 4.352490, 'https://source.unsplash.com/random/600x600/?shop') insert into Sellers(id, shop_name, lat, lng, url_photo) values (2, 'Cat Empire', 50.844614, 4.345716, 'https://source.unsplash.com/random/600x600/?stall',) insert into Sellers(id, shop_name, lat, lng, url_photo) values (3, 'Bubble blue', 50.828413, 4.373384, 'https://source.unsplash.com/random/600x600/?boutique') insert into Products(id, photo1, name, quantity, price, seller_id) values (1, 'https://source.unsplash.com/random/600x600/?mug', 'mug', 6, 12.99, 1) insert into Products(id, photo1, name, quantity, price, seller_id) values (2, 'https://source.unsplash.com/random/601x601/?mug', 'mug2', 2, 12.99, 2) insert into Products(id, photo1, name, quantity, price, seller_id) values (3, 'https://source.unsplash.com/random/602x602/?mug', 'mug3', 4, 12.99, 3) insert into Products(id, photo1, name, quantity, price, seller_id) values (4, 'https://source.unsplash.com/random/600x600/?cup', 'mug4', 6, 12.99, 1) insert into Products(id, photo1, name, quantity, price, seller_id) values (5,'https://source.unsplash.com/random/601x601/?cup', 'mug5', 6, 12.99, 2) INSERT INTO USER (ID, USERNAME, PASSWORD, FIRSTNAME, LASTNAME, EMAIL, ENABLED, LASTPASSWORDRESETDATE) VALUES (1, 'admin', '$2a$08$lDnHPz7eUkSi6ao14Twuau08mzhWrL4kyZGGU5xfiGALO/Vxd5DOi', 'admin', 'admin', 'admin@admin.com', 1, PARSEDATETIME('01-01-2019', 'dd-MM-yyyy')) [42000-199]
	at org.h2.message.DbException.getJdbcSQLException(DbException.java:451) ~[h2-1.4.199.jar:1.4.199]
	at org.h2.message.DbException.getJdbcSQLException(DbException.java:427) ~[h2-1.4.199.jar:1.4.199]
	at org.h2.message.DbException.get(DbException.java:205) ~[h2-1.4.199.jar:1.4.199]
	at org.h2.message.DbException.get(DbException.java:181) ~[h2-1.4.199.jar:1.4.199]
	at org.h2.message.DbException.getSyntaxError(DbException.java:229) ~[h2-1.4.199.jar:1.4.199]
	at org.h2.command.Parser.getSyntaxError(Parser.java:989) ~[h2-1.4.199.jar:1.4.199]
	at org.h2.command.Parser.prepareCommand(Parser.java:686) ~[h2-1.4.199.jar:1.4.199]
	at org.h2.engine.Session.prepareLocal(Session.java:627) ~[h2-1.4.199.jar:1.4.199]
	at org.h2.engine.Session.prepareCommand(Session.java:565) ~[h2-1.4.199.jar:1.4.199]
	at org.h2.jdbc.JdbcConnection.prepareCommand(JdbcConnection.java:1292) ~[h2-1.4.199.jar:1.4.199]
	at org.h2.jdbc.JdbcStatement.executeInternal(JdbcStatement.java:217) ~[h2-1.4.199.jar:1.4.199]
	at org.h2.jdbc.JdbcStatement.execute(JdbcStatement.java:205) ~[h2-1.4.199.jar:1.4.199]
	at com.zaxxer.hikari.pool.ProxyStatement.execute(ProxyStatement.java:95) ~[HikariCP-3.2.0.jar:na]
	at com.zaxxer.hikari.pool.HikariProxyStatement.execute(HikariProxyStatement.java) ~[HikariCP-3.2.0.jar:na]
	at org.springframework.jdbc.datasource.init.ScriptUtils.executeSqlScript(ScriptUtils.java:488) ~[spring-jdbc-5.1.9.RELEASE.jar:5.1.9.RELEASE]
	... 57 common frames omitted

2019-09-18 16:50:15.566 ERROR 13118 --- [           main] o.s.test.context.TestContextManager      : Caught exception while allowing TestExecutionListener [org.springframework.test.context.web.ServletTestExecutionListener@57cf54e1] to prepare test instance [lab.local_market_app.LocalmarketBackendApplicationTests@236b4a44]

java.lang.IllegalStateException: Failed to load ApplicationContext
	at org.springframework.test.context.cache.DefaultCacheAwareContextLoaderDelegate.loadContext(DefaultCacheAwareContextLoaderDelegate.java:125) ~[spring-test-5.1.9.RELEASE.jar:5.1.9.RELEASE]
	at org.springframework.test.context.support.DefaultTestContext.getApplicationContext(DefaultTestContext.java:108) ~[spring-test-5.1.9.RELEASE.jar:5.1.9.RELEASE]
	at org.springframework.test.context.web.ServletTestExecutionListener.setUpRequestContextIfNecessary(ServletTestExecutionListener.java:190) ~[spring-test-5.1.9.RELEASE.jar:5.1.9.RELEASE]
	at org.springframework.test.context.web.ServletTestExecutionListener.prepareTestInstance(ServletTestExecutionListener.java:132) ~[spring-test-5.1.9.RELEASE.jar:5.1.9.RELEASE]
	at org.springframework.test.context.TestContextManager.prepareTestInstance(TestContextManager.java:246) ~[spring-test-5.1.9.RELEASE.jar:5.1.9.RELEASE]
	at org.springframework.test.context.junit4.SpringJUnit4ClassRunner.createTest(SpringJUnit4ClassRunner.java:227) ~[spring-test-5.1.9.RELEASE.jar:5.1.9.RELEASE]
	at org.springframework.test.context.junit4.SpringJUnit4ClassRunner$1.runReflectiveCall(SpringJUnit4ClassRunner.java:289) ~[spring-test-5.1.9.RELEASE.jar:5.1.9.RELEASE]
	at org.junit.internal.runners.model.ReflectiveCallable.run(ReflectiveCallable.java:12) ~[junit-4.12.jar:4.12]
	at org.springframework.test.context.junit4.SpringJUnit4ClassRunner.methodBlock(SpringJUnit4ClassRunner.java:291) ~[spring-test-5.1.9.RELEASE.jar:5.1.9.RELEASE]
	at org.springframework.test.context.junit4.SpringJUnit4ClassRunner.runChild(SpringJUnit4ClassRunner.java:246) ~[spring-test-5.1.9.RELEASE.jar:5.1.9.RELEASE]
	at org.springframework.test.context.junit4.SpringJUnit4ClassRunner.runChild(SpringJUnit4ClassRunner.java:97) ~[spring-test-5.1.9.RELEASE.jar:5.1.9.RELEASE]
	at org.junit.runners.ParentRunner$3.run(ParentRunner.java:290) ~[junit-4.12.jar:4.12]
	at org.junit.runners.ParentRunner$1.schedule(ParentRunner.java:71) ~[junit-4.12.jar:4.12]
	at org.junit.runners.ParentRunner.runChildren(ParentRunner.java:288) ~[junit-4.12.jar:4.12]
	at org.junit.runners.ParentRunner.access$000(ParentRunner.java:58) ~[junit-4.12.jar:4.12]
	at org.junit.runners.ParentRunner$2.evaluate(ParentRunner.java:268) ~[junit-4.12.jar:4.12]
	at org.springframework.test.context.junit4.statements.RunBeforeTestClassCallbacks.evaluate(RunBeforeTestClassCallbacks.java:61) ~[spring-test-5.1.9.RELEASE.jar:5.1.9.RELEASE]
	at org.springframework.test.context.junit4.statements.RunAfterTestClassCallbacks.evaluate(RunAfterTestClassCallbacks.java:70) ~[spring-test-5.1.9.RELEASE.jar:5.1.9.RELEASE]
	at org.junit.runners.ParentRunner.run(ParentRunner.java:363) ~[junit-4.12.jar:4.12]
	at org.springframework.test.context.junit4.SpringJUnit4ClassRunner.run(SpringJUnit4ClassRunner.java:190) ~[spring-test-5.1.9.RELEASE.jar:5.1.9.RELEASE]
	at org.apache.maven.surefire.junit4.JUnit4Provider.execute(JUnit4Provider.java:365) ~[surefire-junit4-2.22.2.jar:2.22.2]
	at org.apache.maven.surefire.junit4.JUnit4Provider.executeWithRerun(JUnit4Provider.java:273) ~[surefire-junit4-2.22.2.jar:2.22.2]
	at org.apache.maven.surefire.junit4.JUnit4Provider.executeTestSet(JUnit4Provider.java:238) ~[surefire-junit4-2.22.2.jar:2.22.2]
	at org.apache.maven.surefire.junit4.JUnit4Provider.invoke(JUnit4Provider.java:159) ~[surefire-junit4-2.22.2.jar:2.22.2]
	at org.apache.maven.surefire.booter.ForkedBooter.invokeProviderInSameClassLoader(ForkedBooter.java:384) ~[surefire-booter-2.22.2.jar:2.22.2]
	at org.apache.maven.surefire.booter.ForkedBooter.runSuitesInProcess(ForkedBooter.java:345) ~[surefire-booter-2.22.2.jar:2.22.2]
	at org.apache.maven.surefire.booter.ForkedBooter.execute(ForkedBooter.java:126) ~[surefire-booter-2.22.2.jar:2.22.2]
	at org.apache.maven.surefire.booter.ForkedBooter.main(ForkedBooter.java:418) ~[surefire-booter-2.22.2.jar:2.22.2]
Caused by: org.springframework.beans.factory.BeanCreationException: Error creating bean with name 'entityManagerFactory' defined in class path resource [org/springframework/boot/autoconfigure/orm/jpa/HibernateJpaConfiguration.class]: Initialization of bean failed; nested exception is org.springframework.jdbc.datasource.init.ScriptStatementFailedException: Failed to execute SQL script statement #1 of URL [file:/Users/cam/IdeaProjects/LAB_Local-Market-backend/target/classes/data.sql]: insert into Sellers(id, shop_name, lat, lng, url_photo) values (1, 'The Mug Store', 50.837670, 4.352490, 'https://source.unsplash.com/random/600x600/?shop') insert into Sellers(id, shop_name, lat, lng, url_photo) values (2, 'Cat Empire', 50.844614, 4.345716, 'https://source.unsplash.com/random/600x600/?stall',) insert into Sellers(id, shop_name, lat, lng, url_photo) values (3, 'Bubble blue', 50.828413, 4.373384, 'https://source.unsplash.com/random/600x600/?boutique') insert into Products(id, photo1, name, quantity, price, seller_id) values (1, 'https://source.unsplash.com/random/600x600/?mug', 'mug', 6, 12.99, 1) insert into Products(id, photo1, name, quantity, price, seller_id) values (2, 'https://source.unsplash.com/random/601x601/?mug', 'mug2', 2, 12.99, 2) insert into Products(id, photo1, name, quantity, price, seller_id) values (3, 'https://source.unsplash.com/random/602x602/?mug', 'mug3', 4, 12.99, 3) insert into Products(id, photo1, name, quantity, price, seller_id) values (4, 'https://source.unsplash.com/random/600x600/?cup', 'mug4', 6, 12.99, 1) insert into Products(id, photo1, name, quantity, price, seller_id) values (5,'https://source.unsplash.com/random/601x601/?cup', 'mug5', 6, 12.99, 2) INSERT INTO USER (ID, USERNAME, PASSWORD, FIRSTNAME, LASTNAME, EMAIL, ENABLED, LASTPASSWORDRESETDATE) VALUES (1, 'admin', '$2a$08$lDnHPz7eUkSi6ao14Twuau08mzhWrL4kyZGGU5xfiGALO/Vxd5DOi', 'admin', 'admin', 'admin@admin.com', 1, PARSEDATETIME('01-01-2019', 'dd-MM-yyyy')); nested exception is org.h2.jdbc.JdbcSQLSyntaxErrorException: Erreur de syntaxe dans l'instruction SQL "INSERT INTO SELLERS(ID, SHOP_NAME, LAT, LNG, URL_PHOTO) VALUES (1, 'The Mug Store', 50.837670, 4.352490, 'https://source.unsplash.com/random/600x600/?shop') INSERT[*] INTO SELLERS(ID, SHOP_NAME, LAT, LNG, URL_PHOTO) VALUES (2, 'Cat Empire', 50.844614, 4.345716, 'https://source.unsplash.com/random/600x600/?stall',) INSERT INTO SELLERS(ID, SHOP_NAME, LAT, LNG, URL_PHOTO) VALUES (3, 'Bubble blue', 50.828413, 4.373384, 'https://source.unsplash.com/random/600x600/?boutique') INSERT INTO PRODUCTS(ID, PHOTO1, NAME, QUANTITY, PRICE, SELLER_ID) VALUES (1, 'https://source.unsplash.com/random/600x600/?mug', 'mug', 6, 12.99, 1) INSERT INTO PRODUCTS(ID, PHOTO1, NAME, QUANTITY, PRICE, SELLER_ID) VALUES (2, 'https://source.unsplash.com/random/601x601/?mug', 'mug2', 2, 12.99, 2) INSERT INTO PRODUCTS(ID, PHOTO1, NAME, QUANTITY, PRICE, SELLER_ID) VALUES (3, 'https://source.unsplash.com/random/602x602/?mug', 'mug3', 4, 12.99, 3) INSERT INTO PRODUCTS(ID, PHOTO1, NAME, QUANTITY, PRICE, SELLER_ID) VALUES (4, 'https://source.unsplash.com/random/600x600/?cup', 'mug4', 6, 12.99, 1) INSERT INTO PRODUCTS(ID, PHOTO1, NAME, QUANTITY, PRICE, SELLER_ID) VALUES (5,'https://source.unsplash.com/random/601x601/?cup', 'mug5', 6, 12.99, 2) INSERT INTO USER (ID, USERNAME, PASSWORD, FIRSTNAME, LASTNAME, EMAIL, ENABLED, LASTPASSWORDRESETDATE) VALUES (1, 'admin', '$2a$08$lDnHPz7eUkSi6ao14Twuau08mzhWrL4kyZGGU5xfiGALO/Vxd5DOi', 'admin', 'admin', 'admin@admin.com', 1, PARSEDATETIME('01-01-2019', 'dd-MM-yyyy')) "
Syntax error in SQL statement "INSERT INTO SELLERS(ID, SHOP_NAME, LAT, LNG, URL_PHOTO) VALUES (1, 'The Mug Store', 50.837670, 4.352490, 'https://source.unsplash.com/random/600x600/?shop') INSERT[*] INTO SELLERS(ID, SHOP_NAME, LAT, LNG, URL_PHOTO) VALUES (2, 'Cat Empire', 50.844614, 4.345716, 'https://source.unsplash.com/random/600x600/?stall',) INSERT INTO SELLERS(ID, SHOP_NAME, LAT, LNG, URL_PHOTO) VALUES (3, 'Bubble blue', 50.828413, 4.373384, 'https://source.unsplash.com/random/600x600/?boutique') INSERT INTO PRODUCTS(ID, PHOTO1, NAME, QUANTITY, PRICE, SELLER_ID) VALUES (1, 'https://source.unsplash.com/random/600x600/?mug', 'mug', 6, 12.99, 1) INSERT INTO PRODUCTS(ID, PHOTO1, NAME, QUANTITY, PRICE, SELLER_ID) VALUES (2, 'https://source.unsplash.com/random/601x601/?mug', 'mug2', 2, 12.99, 2) INSERT INTO PRODUCTS(ID, PHOTO1, NAME, QUANTITY, PRICE, SELLER_ID) VALUES (3, 'https://source.unsplash.com/random/602x602/?mug', 'mug3', 4, 12.99, 3) INSERT INTO PRODUCTS(ID, PHOTO1, NAME, QUANTITY, PRICE, SELLER_ID) VALUES (4, 'https://source.unsplash.com/random/600x600/?cup', 'mug4', 6, 12.99, 1) INSERT INTO PRODUCTS(ID, PHOTO1, NAME, QUANTITY, PRICE, SELLER_ID) VALUES (5,'https://source.unsplash.com/random/601x601/?cup', 'mug5', 6, 12.99, 2) INSERT INTO USER (ID, USERNAME, PASSWORD, FIRSTNAME, LASTNAME, EMAIL, ENABLED, LASTPASSWORDRESETDATE) VALUES (1, 'admin', '$2a$08$lDnHPz7eUkSi6ao14Twuau08mzhWrL4kyZGGU5xfiGALO/Vxd5DOi', 'admin', 'admin', 'admin@admin.com', 1, PARSEDATETIME('01-01-2019', 'dd-MM-yyyy')) "; SQL statement:
insert into Sellers(id, shop_name, lat, lng, url_photo) values (1, 'The Mug Store', 50.837670, 4.352490, 'https://source.unsplash.com/random/600x600/?shop') insert into Sellers(id, shop_name, lat, lng, url_photo) values (2, 'Cat Empire', 50.844614, 4.345716, 'https://source.unsplash.com/random/600x600/?stall',) insert into Sellers(id, shop_name, lat, lng, url_photo) values (3, 'Bubble blue', 50.828413, 4.373384, 'https://source.unsplash.com/random/600x600/?boutique') insert into Products(id, photo1, name, quantity, price, seller_id) values (1, 'https://source.unsplash.com/random/600x600/?mug', 'mug', 6, 12.99, 1) insert into Products(id, photo1, name, quantity, price, seller_id) values (2, 'https://source.unsplash.com/random/601x601/?mug', 'mug2', 2, 12.99, 2) insert into Products(id, photo1, name, quantity, price, seller_id) values (3, 'https://source.unsplash.com/random/602x602/?mug', 'mug3', 4, 12.99, 3) insert into Products(id, photo1, name, quantity, price, seller_id) values (4, 'https://source.unsplash.com/random/600x600/?cup', 'mug4', 6, 12.99, 1) insert into Products(id, photo1, name, quantity, price, seller_id) values (5,'https://source.unsplash.com/random/601x601/?cup', 'mug5', 6, 12.99, 2) INSERT INTO USER (ID, USERNAME, PASSWORD, FIRSTNAME, LASTNAME, EMAIL, ENABLED, LASTPASSWORDRESETDATE) VALUES (1, 'admin', '$2a$08$lDnHPz7eUkSi6ao14Twuau08mzhWrL4kyZGGU5xfiGALO/Vxd5DOi', 'admin', 'admin', 'admin@admin.com', 1, PARSEDATETIME('01-01-2019', 'dd-MM-yyyy')) [42000-199]
	at org.springframework.beans.factory.support.AbstractAutowireCapableBeanFactory.doCreateBean(AbstractAutowireCapableBeanFactory.java:601) ~[spring-beans-5.1.9.RELEASE.jar:5.1.9.RELEASE]
	at org.springframework.beans.factory.support.AbstractAutowireCapableBeanFactory.createBean(AbstractAutowireCapableBeanFactory.java:515) ~[spring-beans-5.1.9.RELEASE.jar:5.1.9.RELEASE]
	at org.springframework.beans.factory.support.AbstractBeanFactory.lambda$doGetBean$0(AbstractBeanFactory.java:320) ~[spring-beans-5.1.9.RELEASE.jar:5.1.9.RELEASE]
	at org.springframework.beans.factory.support.DefaultSingletonBeanRegistry.getSingleton(DefaultSingletonBeanRegistry.java:222) ~[spring-beans-5.1.9.RELEASE.jar:5.1.9.RELEASE]
	at org.springframework.beans.factory.support.AbstractBeanFactory.doGetBean(AbstractBeanFactory.java:318) ~[spring-beans-5.1.9.RELEASE.jar:5.1.9.RELEASE]
	at org.springframework.beans.factory.support.AbstractBeanFactory.getBean(AbstractBeanFactory.java:199) ~[spring-beans-5.1.9.RELEASE.jar:5.1.9.RELEASE]
	at org.springframework.context.support.AbstractApplicationContext.getBean(AbstractApplicationContext.java:1105) ~[spring-context-5.1.9.RELEASE.jar:5.1.9.RELEASE]
	at org.springframework.context.support.AbstractApplicationContext.finishBeanFactoryInitialization(AbstractApplicationContext.java:867) ~[spring-context-5.1.9.RELEASE.jar:5.1.9.RELEASE]
	at org.springframework.context.support.AbstractApplicationContext.refresh(AbstractApplicationContext.java:549) ~[spring-context-5.1.9.RELEASE.jar:5.1.9.RELEASE]
	at org.springframework.boot.SpringApplication.refresh(SpringApplication.java:743) ~[spring-boot-2.1.7.RELEASE.jar:2.1.7.RELEASE]
	at org.springframework.boot.SpringApplication.refreshContext(SpringApplication.java:390) ~[spring-boot-2.1.7.RELEASE.jar:2.1.7.RELEASE]
	at org.springframework.boot.SpringApplication.run(SpringApplication.java:312) ~[spring-boot-2.1.7.RELEASE.jar:2.1.7.RELEASE]
	at org.springframework.boot.test.context.SpringBootContextLoader.loadContext(SpringBootContextLoader.java:120) ~[spring-boot-test-2.1.7.RELEASE.jar:2.1.7.RELEASE]
	at org.springframework.test.context.cache.DefaultCacheAwareContextLoaderDelegate.loadContextInternal(DefaultCacheAwareContextLoaderDelegate.java:99) ~[spring-test-5.1.9.RELEASE.jar:5.1.9.RELEASE]
	at org.springframework.test.context.cache.DefaultCacheAwareContextLoaderDelegate.loadContext(DefaultCacheAwareContextLoaderDelegate.java:117) ~[spring-test-5.1.9.RELEASE.jar:5.1.9.RELEASE]
	... 27 common frames omitted
Caused by: org.springframework.jdbc.datasource.init.ScriptStatementFailedException: Failed to execute SQL script statement #1 of URL [file:/Users/cam/IdeaProjects/LAB_Local-Market-backend/target/classes/data.sql]: insert into Sellers(id, shop_name, lat, lng, url_photo) values (1, 'The Mug Store', 50.837670, 4.352490, 'https://source.unsplash.com/random/600x600/?shop') insert into Sellers(id, shop_name, lat, lng, url_photo) values (2, 'Cat Empire', 50.844614, 4.345716, 'https://source.unsplash.com/random/600x600/?stall',) insert into Sellers(id, shop_name, lat, lng, url_photo) values (3, 'Bubble blue', 50.828413, 4.373384, 'https://source.unsplash.com/random/600x600/?boutique') insert into Products(id, photo1, name, quantity, price, seller_id) values (1, 'https://source.unsplash.com/random/600x600/?mug', 'mug', 6, 12.99, 1) insert into Products(id, photo1, name, quantity, price, seller_id) values (2, 'https://source.unsplash.com/random/601x601/?mug', 'mug2', 2, 12.99, 2) insert into Products(id, photo1, name, quantity, price, seller_id) values (3, 'https://source.unsplash.com/random/602x602/?mug', 'mug3', 4, 12.99, 3) insert into Products(id, photo1, name, quantity, price, seller_id) values (4, 'https://source.unsplash.com/random/600x600/?cup', 'mug4', 6, 12.99, 1) insert into Products(id, photo1, name, quantity, price, seller_id) values (5,'https://source.unsplash.com/random/601x601/?cup', 'mug5', 6, 12.99, 2) INSERT INTO USER (ID, USERNAME, PASSWORD, FIRSTNAME, LASTNAME, EMAIL, ENABLED, LASTPASSWORDRESETDATE) VALUES (1, 'admin', '$2a$08$lDnHPz7eUkSi6ao14Twuau08mzhWrL4kyZGGU5xfiGALO/Vxd5DOi', 'admin', 'admin', 'admin@admin.com', 1, PARSEDATETIME('01-01-2019', 'dd-MM-yyyy')); nested exception is org.h2.jdbc.JdbcSQLSyntaxErrorException: Erreur de syntaxe dans l'instruction SQL "INSERT INTO SELLERS(ID, SHOP_NAME, LAT, LNG, URL_PHOTO) VALUES (1, 'The Mug Store', 50.837670, 4.352490, 'https://source.unsplash.com/random/600x600/?shop') INSERT[*] INTO SELLERS(ID, SHOP_NAME, LAT, LNG, URL_PHOTO) VALUES (2, 'Cat Empire', 50.844614, 4.345716, 'https://source.unsplash.com/random/600x600/?stall',) INSERT INTO SELLERS(ID, SHOP_NAME, LAT, LNG, URL_PHOTO) VALUES (3, 'Bubble blue', 50.828413, 4.373384, 'https://source.unsplash.com/random/600x600/?boutique') INSERT INTO PRODUCTS(ID, PHOTO1, NAME, QUANTITY, PRICE, SELLER_ID) VALUES (1, 'https://source.unsplash.com/random/600x600/?mug', 'mug', 6, 12.99, 1) INSERT INTO PRODUCTS(ID, PHOTO1, NAME, QUANTITY, PRICE, SELLER_ID) VALUES (2, 'https://source.unsplash.com/random/601x601/?mug', 'mug2', 2, 12.99, 2) INSERT INTO PRODUCTS(ID, PHOTO1, NAME, QUANTITY, PRICE, SELLER_ID) VALUES (3, 'https://source.unsplash.com/random/602x602/?mug', 'mug3', 4, 12.99, 3) INSERT INTO PRODUCTS(ID, PHOTO1, NAME, QUANTITY, PRICE, SELLER_ID) VALUES (4, 'https://source.unsplash.com/random/600x600/?cup', 'mug4', 6, 12.99, 1) INSERT INTO PRODUCTS(ID, PHOTO1, NAME, QUANTITY, PRICE, SELLER_ID) VALUES (5,'https://source.unsplash.com/random/601x601/?cup', 'mug5', 6, 12.99, 2) INSERT INTO USER (ID, USERNAME, PASSWORD, FIRSTNAME, LASTNAME, EMAIL, ENABLED, LASTPASSWORDRESETDATE) VALUES (1, 'admin', '$2a$08$lDnHPz7eUkSi6ao14Twuau08mzhWrL4kyZGGU5xfiGALO/Vxd5DOi', 'admin', 'admin', 'admin@admin.com', 1, PARSEDATETIME('01-01-2019', 'dd-MM-yyyy')) "
Syntax error in SQL statement "INSERT INTO SELLERS(ID, SHOP_NAME, LAT, LNG, URL_PHOTO) VALUES (1, 'The Mug Store', 50.837670, 4.352490, 'https://source.unsplash.com/random/600x600/?shop') INSERT[*] INTO SELLERS(ID, SHOP_NAME, LAT, LNG, URL_PHOTO) VALUES (2, 'Cat Empire', 50.844614, 4.345716, 'https://source.unsplash.com/random/600x600/?stall',) INSERT INTO SELLERS(ID, SHOP_NAME, LAT, LNG, URL_PHOTO) VALUES (3, 'Bubble blue', 50.828413, 4.373384, 'https://source.unsplash.com/random/600x600/?boutique') INSERT INTO PRODUCTS(ID, PHOTO1, NAME, QUANTITY, PRICE, SELLER_ID) VALUES (1, 'https://source.unsplash.com/random/600x600/?mug', 'mug', 6, 12.99, 1) INSERT INTO PRODUCTS(ID, PHOTO1, NAME, QUANTITY, PRICE, SELLER_ID) VALUES (2, 'https://source.unsplash.com/random/601x601/?mug', 'mug2', 2, 12.99, 2) INSERT INTO PRODUCTS(ID, PHOTO1, NAME, QUANTITY, PRICE, SELLER_ID) VALUES (3, 'https://source.unsplash.com/random/602x602/?mug', 'mug3', 4, 12.99, 3) INSERT INTO PRODUCTS(ID, PHOTO1, NAME, QUANTITY, PRICE, SELLER_ID) VALUES (4, 'https://source.unsplash.com/random/600x600/?cup', 'mug4', 6, 12.99, 1) INSERT INTO PRODUCTS(ID, PHOTO1, NAME, QUANTITY, PRICE, SELLER_ID) VALUES (5,'https://source.unsplash.com/random/601x601/?cup', 'mug5', 6, 12.99, 2) INSERT INTO USER (ID, USERNAME, PASSWORD, FIRSTNAME, LASTNAME, EMAIL, ENABLED, LASTPASSWORDRESETDATE) VALUES (1, 'admin', '$2a$08$lDnHPz7eUkSi6ao14Twuau08mzhWrL4kyZGGU5xfiGALO/Vxd5DOi', 'admin', 'admin', 'admin@admin.com', 1, PARSEDATETIME('01-01-2019', 'dd-MM-yyyy')) "; SQL statement:
insert into Sellers(id, shop_name, lat, lng, url_photo) values (1, 'The Mug Store', 50.837670, 4.352490, 'https://source.unsplash.com/random/600x600/?shop') insert into Sellers(id, shop_name, lat, lng, url_photo) values (2, 'Cat Empire', 50.844614, 4.345716, 'https://source.unsplash.com/random/600x600/?stall',) insert into Sellers(id, shop_name, lat, lng, url_photo) values (3, 'Bubble blue', 50.828413, 4.373384, 'https://source.unsplash.com/random/600x600/?boutique') insert into Products(id, photo1, name, quantity, price, seller_id) values (1, 'https://source.unsplash.com/random/600x600/?mug', 'mug', 6, 12.99, 1) insert into Products(id, photo1, name, quantity, price, seller_id) values (2, 'https://source.unsplash.com/random/601x601/?mug', 'mug2', 2, 12.99, 2) insert into Products(id, photo1, name, quantity, price, seller_id) values (3, 'https://source.unsplash.com/random/602x602/?mug', 'mug3', 4, 12.99, 3) insert into Products(id, photo1, name, quantity, price, seller_id) values (4, 'https://source.unsplash.com/random/600x600/?cup', 'mug4', 6, 12.99, 1) insert into Products(id, photo1, name, quantity, price, seller_id) values (5,'https://source.unsplash.com/random/601x601/?cup', 'mug5', 6, 12.99, 2) INSERT INTO USER (ID, USERNAME, PASSWORD, FIRSTNAME, LASTNAME, EMAIL, ENABLED, LASTPASSWORDRESETDATE) VALUES (1, 'admin', '$2a$08$lDnHPz7eUkSi6ao14Twuau08mzhWrL4kyZGGU5xfiGALO/Vxd5DOi', 'admin', 'admin', 'admin@admin.com', 1, PARSEDATETIME('01-01-2019', 'dd-MM-yyyy')) [42000-199]
	at org.springframework.jdbc.datasource.init.ScriptUtils.executeSqlScript(ScriptUtils.java:509) ~[spring-jdbc-5.1.9.RELEASE.jar:5.1.9.RELEASE]
	at org.springframework.jdbc.datasource.init.ResourceDatabasePopulator.populate(ResourceDatabasePopulator.java:238) ~[spring-jdbc-5.1.9.RELEASE.jar:5.1.9.RELEASE]
	at org.springframework.jdbc.datasource.init.DatabasePopulatorUtils.execute(DatabasePopulatorUtils.java:48) ~[spring-jdbc-5.1.9.RELEASE.jar:5.1.9.RELEASE]
	at org.springframework.boot.autoconfigure.jdbc.DataSourceInitializer.runScripts(DataSourceInitializer.java:202) ~[spring-boot-autoconfigure-2.1.7.RELEASE.jar:2.1.7.RELEASE]
	at org.springframework.boot.autoconfigure.jdbc.DataSourceInitializer.initSchema(DataSourceInitializer.java:119) ~[spring-boot-autoconfigure-2.1.7.RELEASE.jar:2.1.7.RELEASE]
	at org.springframework.boot.autoconfigure.jdbc.DataSourceInitializerInvoker.onApplicationEvent(DataSourceInitializerInvoker.java:89) ~[spring-boot-autoconfigure-2.1.7.RELEASE.jar:2.1.7.RELEASE]
	at org.springframework.boot.autoconfigure.jdbc.DataSourceInitializerInvoker.onApplicationEvent(DataSourceInitializerInvoker.java:37) ~[spring-boot-autoconfigure-2.1.7.RELEASE.jar:2.1.7.RELEASE]
	at org.springframework.context.event.SimpleApplicationEventMulticaster.doInvokeListener(SimpleApplicationEventMulticaster.java:172) ~[spring-context-5.1.9.RELEASE.jar:5.1.9.RELEASE]
	at org.springframework.context.event.SimpleApplicationEventMulticaster.invokeListener(SimpleApplicationEventMulticaster.java:165) ~[spring-context-5.1.9.RELEASE.jar:5.1.9.RELEASE]
	at org.springframework.context.event.SimpleApplicationEventMulticaster.multicastEvent(SimpleApplicationEventMulticaster.java:139) ~[spring-context-5.1.9.RELEASE.jar:5.1.9.RELEASE]
	at org.springframework.context.support.AbstractApplicationContext.publishEvent(AbstractApplicationContext.java:402) ~[spring-context-5.1.9.RELEASE.jar:5.1.9.RELEASE]
	at org.springframework.context.support.AbstractApplicationContext.publishEvent(AbstractApplicationContext.java:359) ~[spring-context-5.1.9.RELEASE.jar:5.1.9.RELEASE]
	at org.springframework.boot.autoconfigure.orm.jpa.DataSourceInitializedPublisher.publishEventIfRequired(DataSourceInitializedPublisher.java:94) ~[spring-boot-autoconfigure-2.1.7.RELEASE.jar:2.1.7.RELEASE]
	at org.springframework.boot.autoconfigure.orm.jpa.DataSourceInitializedPublisher.postProcessAfterInitialization(DataSourceInitializedPublisher.java:85) ~[spring-boot-autoconfigure-2.1.7.RELEASE.jar:2.1.7.RELEASE]
	at org.springframework.beans.factory.support.AbstractAutowireCapableBeanFactory.applyBeanPostProcessorsAfterInitialization(AbstractAutowireCapableBeanFactory.java:429) ~[spring-beans-5.1.9.RELEASE.jar:5.1.9.RELEASE]
	at org.springframework.beans.factory.support.AbstractAutowireCapableBeanFactory.initializeBean(AbstractAutowireCapableBeanFactory.java:1782) ~[spring-beans-5.1.9.RELEASE.jar:5.1.9.RELEASE]
	at org.springframework.beans.factory.support.AbstractAutowireCapableBeanFactory.doCreateBean(AbstractAutowireCapableBeanFactory.java:593) ~[spring-beans-5.1.9.RELEASE.jar:5.1.9.RELEASE]
	... 41 common frames omitted
Caused by: org.h2.jdbc.JdbcSQLSyntaxErrorException: Erreur de syntaxe dans l'instruction SQL "INSERT INTO SELLERS(ID, SHOP_NAME, LAT, LNG, URL_PHOTO) VALUES (1, 'The Mug Store', 50.837670, 4.352490, 'https://source.unsplash.com/random/600x600/?shop') INSERT[*] INTO SELLERS(ID, SHOP_NAME, LAT, LNG, URL_PHOTO) VALUES (2, 'Cat Empire', 50.844614, 4.345716, 'https://source.unsplash.com/random/600x600/?stall',) INSERT INTO SELLERS(ID, SHOP_NAME, LAT, LNG, URL_PHOTO) VALUES (3, 'Bubble blue', 50.828413, 4.373384, 'https://source.unsplash.com/random/600x600/?boutique') INSERT INTO PRODUCTS(ID, PHOTO1, NAME, QUANTITY, PRICE, SELLER_ID) VALUES (1, 'https://source.unsplash.com/random/600x600/?mug', 'mug', 6, 12.99, 1) INSERT INTO PRODUCTS(ID, PHOTO1, NAME, QUANTITY, PRICE, SELLER_ID) VALUES (2, 'https://source.unsplash.com/random/601x601/?mug', 'mug2', 2, 12.99, 2) INSERT INTO PRODUCTS(ID, PHOTO1, NAME, QUANTITY, PRICE, SELLER_ID) VALUES (3, 'https://source.unsplash.com/random/602x602/?mug', 'mug3', 4, 12.99, 3) INSERT INTO PRODUCTS(ID, PHOTO1, NAME, QUANTITY, PRICE, SELLER_ID) VALUES (4, 'https://source.unsplash.com/random/600x600/?cup', 'mug4', 6, 12.99, 1) INSERT INTO PRODUCTS(ID, PHOTO1, NAME, QUANTITY, PRICE, SELLER_ID) VALUES (5,'https://source.unsplash.com/random/601x601/?cup', 'mug5', 6, 12.99, 2) INSERT INTO USER (ID, USERNAME, PASSWORD, FIRSTNAME, LASTNAME, EMAIL, ENABLED, LASTPASSWORDRESETDATE) VALUES (1, 'admin', '$2a$08$lDnHPz7eUkSi6ao14Twuau08mzhWrL4kyZGGU5xfiGALO/Vxd5DOi', 'admin', 'admin', 'admin@admin.com', 1, PARSEDATETIME('01-01-2019', 'dd-MM-yyyy')) "
Syntax error in SQL statement "INSERT INTO SELLERS(ID, SHOP_NAME, LAT, LNG, URL_PHOTO) VALUES (1, 'The Mug Store', 50.837670, 4.352490, 'https://source.unsplash.com/random/600x600/?shop') INSERT[*] INTO SELLERS(ID, SHOP_NAME, LAT, LNG, URL_PHOTO) VALUES (2, 'Cat Empire', 50.844614, 4.345716, 'https://source.unsplash.com/random/600x600/?stall',) INSERT INTO SELLERS(ID, SHOP_NAME, LAT, LNG, URL_PHOTO) VALUES (3, 'Bubble blue', 50.828413, 4.373384, 'https://source.unsplash.com/random/600x600/?boutique') INSERT INTO PRODUCTS(ID, PHOTO1, NAME, QUANTITY, PRICE, SELLER_ID) VALUES (1, 'https://source.unsplash.com/random/600x600/?mug', 'mug', 6, 12.99, 1) INSERT INTO PRODUCTS(ID, PHOTO1, NAME, QUANTITY, PRICE, SELLER_ID) VALUES (2, 'https://source.unsplash.com/random/601x601/?mug', 'mug2', 2, 12.99, 2) INSERT INTO PRODUCTS(ID, PHOTO1, NAME, QUANTITY, PRICE, SELLER_ID) VALUES (3, 'https://source.unsplash.com/random/602x602/?mug', 'mug3', 4, 12.99, 3) INSERT INTO PRODUCTS(ID, PHOTO1, NAME, QUANTITY, PRICE, SELLER_ID) VALUES (4, 'https://source.unsplash.com/random/600x600/?cup', 'mug4', 6, 12.99, 1) INSERT INTO PRODUCTS(ID, PHOTO1, NAME, QUANTITY, PRICE, SELLER_ID) VALUES (5,'https://source.unsplash.com/random/601x601/?cup', 'mug5', 6, 12.99, 2) INSERT INTO USER (ID, USERNAME, PASSWORD, FIRSTNAME, LASTNAME, EMAIL, ENABLED, LASTPASSWORDRESETDATE) VALUES (1, 'admin', '$2a$08$lDnHPz7eUkSi6ao14Twuau08mzhWrL4kyZGGU5xfiGALO/Vxd5DOi', 'admin', 'admin', 'admin@admin.com', 1, PARSEDATETIME('01-01-2019', 'dd-MM-yyyy')) "; SQL statement:
insert into Sellers(id, shop_name, lat, lng, url_photo) values (1, 'The Mug Store', 50.837670, 4.352490, 'https://source.unsplash.com/random/600x600/?shop') insert into Sellers(id, shop_name, lat, lng, url_photo) values (2, 'Cat Empire', 50.844614, 4.345716, 'https://source.unsplash.com/random/600x600/?stall',) insert into Sellers(id, shop_name, lat, lng, url_photo) values (3, 'Bubble blue', 50.828413, 4.373384, 'https://source.unsplash.com/random/600x600/?boutique') insert into Products(id, photo1, name, quantity, price, seller_id) values (1, 'https://source.unsplash.com/random/600x600/?mug', 'mug', 6, 12.99, 1) insert into Products(id, photo1, name, quantity, price, seller_id) values (2, 'https://source.unsplash.com/random/601x601/?mug', 'mug2', 2, 12.99, 2) insert into Products(id, photo1, name, quantity, price, seller_id) values (3, 'https://source.unsplash.com/random/602x602/?mug', 'mug3', 4, 12.99, 3) insert into Products(id, photo1, name, quantity, price, seller_id) values (4, 'https://source.unsplash.com/random/600x600/?cup', 'mug4', 6, 12.99, 1) insert into Products(id, photo1, name, quantity, price, seller_id) values (5,'https://source.unsplash.com/random/601x601/?cup', 'mug5', 6, 12.99, 2) INSERT INTO USER (ID, USERNAME, PASSWORD, FIRSTNAME, LASTNAME, EMAIL, ENABLED, LASTPASSWORDRESETDATE) VALUES (1, 'admin', '$2a$08$lDnHPz7eUkSi6ao14Twuau08mzhWrL4kyZGGU5xfiGALO/Vxd5DOi', 'admin', 'admin', 'admin@admin.com', 1, PARSEDATETIME('01-01-2019', 'dd-MM-yyyy')) [42000-199]
	at org.h2.message.DbException.getJdbcSQLException(DbException.java:451) ~[h2-1.4.199.jar:1.4.199]
	at org.h2.message.DbException.getJdbcSQLException(DbException.java:427) ~[h2-1.4.199.jar:1.4.199]
	at org.h2.message.DbException.get(DbException.java:205) ~[h2-1.4.199.jar:1.4.199]
	at org.h2.message.DbException.get(DbException.java:181) ~[h2-1.4.199.jar:1.4.199]
	at org.h2.message.DbException.getSyntaxError(DbException.java:229) ~[h2-1.4.199.jar:1.4.199]
	at org.h2.command.Parser.getSyntaxError(Parser.java:989) ~[h2-1.4.199.jar:1.4.199]
	at org.h2.command.Parser.prepareCommand(Parser.java:686) ~[h2-1.4.199.jar:1.4.199]
	at org.h2.engine.Session.prepareLocal(Session.java:627) ~[h2-1.4.199.jar:1.4.199]
	at org.h2.engine.Session.prepareCommand(Session.java:565) ~[h2-1.4.199.jar:1.4.199]
	at org.h2.jdbc.JdbcConnection.prepareCommand(JdbcConnection.java:1292) ~[h2-1.4.199.jar:1.4.199]
	at org.h2.jdbc.JdbcStatement.executeInternal(JdbcStatement.java:217) ~[h2-1.4.199.jar:1.4.199]
	at org.h2.jdbc.JdbcStatement.execute(JdbcStatement.java:205) ~[h2-1.4.199.jar:1.4.199]
	at com.zaxxer.hikari.pool.ProxyStatement.execute(ProxyStatement.java:95) ~[HikariCP-3.2.0.jar:na]
	at com.zaxxer.hikari.pool.HikariProxyStatement.execute(HikariProxyStatement.java) ~[HikariCP-3.2.0.jar:na]
	at org.springframework.jdbc.datasource.init.ScriptUtils.executeSqlScript(ScriptUtils.java:488) ~[spring-jdbc-5.1.9.RELEASE.jar:5.1.9.RELEASE]
	... 57 common frames omitted

]]></system-out>
  </testcase>
</testsuite>